<?xml version="1.0" encoding="UTF-8"?>
<testsuite xmlns:xsi="http://www.w3.org/2001/XMLSchema-instance" xsi:noNamespaceSchemaLocation="https://maven.apache.org/surefire/maven-surefire-plugin/xsd/surefire-test-report.xsd" name="com.unimap.zerohunger.ZerohungerApplicationTests" time="3.043" tests="1" errors="1" skipped="0" failures="0">
  <properties>
[...]
</properties>
  <testcase name="contextLoads" classname="com.unimap.zerohunger.ZerohungerApplicationTests" time="0.013">
    <error message="Failed to load ApplicationContext for [WebMergedContextConfiguration@480b57e2 testClass = com.unimap.zerohunger.ZerohungerApplicationTests, locations = [], classes = [com.unimap.ZerohungerApplication], contextInitializerClasses = [], activeProfiles = [], propertySourceLocations = [], propertySourceProperties = [&quot;org.springframework.boot.test.context.SpringBootTestContextBootstrapper=true&quot;], contextCustomizers = [org.springframework.boot.test.context.filter.ExcludeFilterContextCustomizer@5524cca1, org.springframework.boot.test.json.DuplicateJsonObjectContextCustomizerFactory$DuplicateJsonObjectContextCustomizer@57a78e3, org.springframework.boot.test.mock.mockito.MockitoContextCustomizer@0, org.springframework.boot.test.web.client.TestRestTemplateContextCustomizer@8462f31, org.springframework.boot.test.autoconfigure.actuate.observability.ObservabilityContextCustomizerFactory$DisableObservabilityContextCustomizer@9da1, org.springframework.boot.test.autoconfigure.properties.PropertyMappingContextCustomizer@0, org.springframework.boot.test.autoconfigure.web.servlet.WebDriverContextCustomizerFactory$Customizer@4d0d9fe7, org.springframework.boot.test.context.SpringBootTestAnnotation@ad1df9bf], resourceBasePath = &quot;src/main/webapp&quot;, contextLoader = org.springframework.boot.test.context.SpringBootContextLoader, parent = null]" type="java.lang.IllegalStateException">java.lang.IllegalStateException: Failed to load ApplicationContext for [WebMergedContextConfiguration@480b57e2 testClass = com.unimap.zerohunger.ZerohungerApplicationTests, locations = [], classes = [com.unimap.ZerohungerApplication], contextInitializerClasses = [], activeProfiles = [], propertySourceLocations = [], propertySourceProperties = ["org.springframework.boot.test.context.SpringBootTestContextBootstrapper=true"], contextCustomizers = [org.springframework.boot.test.context.filter.ExcludeFilterContextCustomizer@5524cca1, org.springframework.boot.test.json.DuplicateJsonObjectContextCustomizerFactory$DuplicateJsonObjectContextCustomizer@57a78e3, org.springframework.boot.test.mock.mockito.MockitoContextCustomizer@0, org.springframework.boot.test.web.client.TestRestTemplateContextCustomizer@8462f31, org.springframework.boot.test.autoconfigure.actuate.observability.ObservabilityContextCustomizerFactory$DisableObservabilityContextCustomizer@9da1, org.springframework.boot.test.autoconfigure.properties.PropertyMappingContextCustomizer@0, org.springframework.boot.test.autoconfigure.web.servlet.WebDriverContextCustomizerFactory$Customizer@4d0d9fe7, org.springframework.boot.test.context.SpringBootTestAnnotation@ad1df9bf], resourceBasePath = "src/main/webapp", contextLoader = org.springframework.boot.test.context.SpringBootContextLoader, parent = null]
Caused by: java.lang.IllegalStateException: Error processing condition on org.springframework.boot.autoconfigure.security.oauth2.client.servlet.OAuth2WebSecurityConfiguration.authorizedClientService
Caused by: java.lang.IllegalStateException: Failed to introspect Class [org.springframework.boot.autoconfigure.security.oauth2.client.servlet.OAuth2WebSecurityConfiguration$OAuth2SecurityFilterChainConfiguration] from ClassLoader [jdk.internal.loader.ClassLoaders$AppClassLoader@70dea4e]
Caused by: java.lang.NoClassDefFoundError: org/springframework/security/config/annotation/web/configurers/AuthorizeHttpRequestsConfigurer$AuthorizationManagerRequestMatcherRegistry
Caused by: java.lang.ClassNotFoundException: org.springframework.security.config.annotation.web.configurers.AuthorizeHttpRequestsConfigurer$AuthorizationManagerRequestMatcherRegistry
</error>
    <system-out><![CDATA[14:42:23.670 [main] DEBUG org.springframework.boot.test.context.SpringBootTestContextBootstrapper - Neither @ContextConfiguration nor @ContextHierarchy found for test class [ZerohungerApplicationTests]: using SpringBootContextLoader
14:42:23.680 [main] DEBUG org.springframework.test.context.support.AbstractContextLoader - Could not detect default resource locations for test class [com.unimap.zerohunger.ZerohungerApplicationTests]: no resource found for suffixes {-context.xml, Context.groovy}.
14:42:23.680 [main] INFO org.springframework.test.context.support.AnnotationConfigContextLoaderUtils - Could not detect default configuration classes for test class [com.unimap.zerohunger.ZerohungerApplicationTests]: ZerohungerApplicationTests does not declare any static, non-private, non-final, nested classes annotated with @Configuration.
14:42:23.708 [main] DEBUG org.springframework.boot.test.context.SpringBootTestContextBootstrapper - Using ContextCustomizers for test class [ZerohungerApplicationTests]: [ExcludeFilterContextCustomizer, DuplicateJsonObjectContextCustomizer, MockitoContextCustomizer, TestRestTemplateContextCustomizer, DisableObservabilityContextCustomizer, PropertyMappingContextCustomizer, Customizer]
14:42:23.802 [main] DEBUG org.springframework.context.annotation.ClassPathScanningCandidateComponentProvider - Identified candidate component class: file [c:\Users\MSI\Documents\CODINGS\NEW_BACKEND\zerohunger\target\classes\com\unimap\ZerohungerApplication.class]
14:42:23.806 [main] INFO org.springframework.boot.test.context.SpringBootTestContextBootstrapper - Found @SpringBootConfiguration com.unimap.ZerohungerApplication for test class com.unimap.zerohunger.ZerohungerApplicationTests
14:42:23.909 [main] DEBUG org.springframework.boot.test.context.SpringBootTestContextBootstrapper - Using TestExecutionListeners for test class [ZerohungerApplicationTests]: [ServletTestExecutionListener, DirtiesContextBeforeModesTestExecutionListener, ApplicationEventsTestExecutionListener, MockitoTestExecutionListener, DependencyInjectionTestExecutionListener, DirtiesContextTestExecutionListener, TransactionalTestExecutionListener, SqlScriptsTestExecutionListener, EventPublishingTestExecutionListener, ResetMocksTestExecutionListener, RestDocsTestExecutionListener, MockRestServiceServerResetTestExecutionListener, MockMvcPrintOnlyOnFailureTestExecutionListener, WebDriverTestExecutionListener, MockWebServiceServerTestExecutionListener]
14:42:23.909 [main] DEBUG org.springframework.test.context.support.AbstractDirtiesContextTestExecutionListener - Before test class: class [ZerohungerApplicationTests], class annotated with @DirtiesContext [false] with mode [null]
2023-03-01T14:42:24.190+08:00 TRACE 908 --- [           main] o.s.c.io.support.SpringFactoriesLoader   : Loaded [org.springframework.boot.ApplicationContextFactory] names: [org.springframework.boot.web.reactive.context.ReactiveWebServerApplicationContextFactory, org.springframework.boot.web.servlet.context.ServletWebServerApplicationContextFactory]

  .   ____          _            __ _ _
 /\\ / ___'_ __ _ _(_)_ __  __ _ \ \ \ \
( ( )\___ | '_ | '_| | '_ \/ _` | \ \ \ \
 \\/  ___)| |_)| | | | | || (_| |  ) ) ) )
  '  |____| .__|_| |_|_| |_\__, | / / / /
 =========|_|==============|___/=/_/_/_/
 :: Spring Boot ::                (v3.0.3)

2023-03-01T14:42:24.254+08:00 TRACE 908 --- [           main] o.s.b.f.s.DefaultListableBeanFactory     : Registering scope 'restart' with implementation [org.springframework.boot.devtools.restart.RestartScopeInitializer$RestartScope@425357dd]
2023-03-01T14:42:24.267+08:00  INFO 908 --- [           main] c.u.z.ZerohungerApplicationTests         : Starting ZerohungerApplicationTests using Java 17.0.6 with PID 908 (started by MSI in c:\Users\MSI\Documents\CODINGS\NEW_BACKEND\zerohunger)
2023-03-01T14:42:24.268+08:00  INFO 908 --- [           main] c.u.z.ZerohungerApplicationTests         : No active profile set, falling back to 1 default profile: "default"
2023-03-01T14:42:24.270+08:00 DEBUG 908 --- [           main] o.s.boot.SpringApplication               : Loading source class com.unimap.ZerohungerApplication
2023-03-01T14:42:24.305+08:00 TRACE 908 --- [           main] o.s.c.a.ClassPathBeanDefinitionScanner   : JSR-250 'jakarta.annotation.ManagedBean' found and supported for component scanning
2023-03-01T14:42:24.307+08:00 TRACE 908 --- [           main] o.s.c.a.ClassPathBeanDefinitionScanner   : JSR-330 'jakarta.inject.Named' annotation found and supported for component scanning
2023-03-01T14:42:24.335+08:00 TRACE 908 --- [           main] uePropertySourceEnvironmentPostProcessor : RandomValuePropertySource add to Environment
2023-03-01T14:42:24.335+08:00 TRACE 908 --- [           main] b.c.c.ConfigDataEnvironmentPostProcessor : Post-processing environment to add config data
2023-03-01T14:42:24.335+08:00 TRACE 908 --- [           main] o.s.b.c.config.ConfigDataEnvironment     : Building config data environment contributors
2023-03-01T14:42:24.336+08:00 TRACE 908 --- [           main] o.s.b.c.config.ConfigDataEnvironment     : Creating wrapped config data contributor for 'Inlined Test Properties'
2023-03-01T14:42:24.336+08:00 TRACE 908 --- [           main] o.s.b.c.config.ConfigDataEnvironment     : Creating wrapped config data contributor for 'configurationProperties'
2023-03-01T14:42:24.336+08:00 TRACE 908 --- [           main] o.s.b.c.config.ConfigDataEnvironment     : Creating wrapped config data contributor for 'servletConfigInitParams'
2023-03-01T14:42:24.336+08:00 TRACE 908 --- [           main] o.s.b.c.config.ConfigDataEnvironment     : Creating wrapped config data contributor for 'servletContextInitParams'
2023-03-01T14:42:24.336+08:00 TRACE 908 --- [           main] o.s.b.c.config.ConfigDataEnvironment     : Creating wrapped config data contributor for 'systemProperties'
2023-03-01T14:42:24.336+08:00 TRACE 908 --- [           main] o.s.b.c.config.ConfigDataEnvironment     : Creating wrapped config data contributor for 'systemEnvironment'
2023-03-01T14:42:24.336+08:00 TRACE 908 --- [           main] o.s.b.c.config.ConfigDataEnvironment     : Creating wrapped config data contributor for 'random'
2023-03-01T14:42:24.336+08:00 TRACE 908 --- [           main] o.s.b.c.config.ConfigDataEnvironment     : Adding initial config data import from location 'optional:file:./;optional:file:./config/;optional:file:./config/*/'
2023-03-01T14:42:24.336+08:00 TRACE 908 --- [           main] o.s.b.c.config.ConfigDataEnvironment     : Adding initial config data import from location 'optional:classpath:/;optional:classpath:/config/'
2023-03-01T14:42:24.336+08:00 TRACE 908 --- [           main] o.s.b.c.config.ConfigDataEnvironment     : Processing initial config data environment contributors without activation context
2023-03-01T14:42:24.336+08:00 TRACE 908 --- [           main] .b.c.c.ConfigDataEnvironmentContributors : Processing imports for phase BEFORE_PROFILE_ACTIVATION. no activation context
2023-03-01T14:42:24.337+08:00 TRACE 908 --- [           main] .b.c.c.ConfigDataEnvironmentContributors : Processing imports [optional:file:./;optional:file:./config/;optional:file:./config/*/]
2023-03-01T14:42:24.337+08:00 TRACE 908 --- [           main] b.c.c.StandardConfigDataLocationResolver : Skipping missing resource file:./application.yaml
2023-03-01T14:42:24.337+08:00 TRACE 908 --- [           main] b.c.c.StandardConfigDataLocationResolver : Skipping missing resource file:./application.yml
2023-03-01T14:42:24.337+08:00 TRACE 908 --- [           main] b.c.c.StandardConfigDataLocationResolver : Skipping missing resource file:./application.xml
2023-03-01T14:42:24.337+08:00 TRACE 908 --- [           main] b.c.c.StandardConfigDataLocationResolver : Skipping missing resource file:./application.properties
2023-03-01T14:42:24.337+08:00 TRACE 908 --- [           main] b.c.c.StandardConfigDataLocationResolver : Skipping missing resource file:./config/application.yaml
2023-03-01T14:42:24.337+08:00 TRACE 908 --- [           main] b.c.c.StandardConfigDataLocationResolver : Skipping missing resource file:./config/application.yml
2023-03-01T14:42:24.337+08:00 TRACE 908 --- [           main] b.c.c.StandardConfigDataLocationResolver : Skipping missing resource file:./config/application.xml
2023-03-01T14:42:24.337+08:00 TRACE 908 --- [           main] b.c.c.StandardConfigDataLocationResolver : Skipping missing resource file:./config/application.properties
2023-03-01T14:42:24.338+08:00 TRACE 908 --- [           main] o.s.b.context.config.ConfigDataLoaders   : Loading file [.] using loader org.springframework.boot.context.config.StandardConfigDataLoader
2023-03-01T14:42:24.342+08:00 TRACE 908 --- [           main] .b.c.c.ConfigDataEnvironmentContributors : Imported 1 resource [file [.]]
2023-03-01T14:42:24.342+08:00 TRACE 908 --- [           main] .b.c.c.ConfigDataEnvironmentContributors : Processing imports [optional:classpath:/;optional:classpath:/config/]
2023-03-01T14:42:24.342+08:00 TRACE 908 --- [           main] b.c.c.StandardConfigDataLocationResolver : Skipping missing resource classpath:/application.yaml
2023-03-01T14:42:24.342+08:00 TRACE 908 --- [           main] b.c.c.StandardConfigDataLocationResolver : Skipping missing resource classpath:/application.yml
2023-03-01T14:42:24.342+08:00 TRACE 908 --- [           main] b.c.c.StandardConfigDataLocationResolver : Skipping missing resource classpath:/application.xml
2023-03-01T14:42:24.342+08:00 TRACE 908 --- [           main] b.c.c.StandardConfigDataLocationResolver : Skipping missing resource classpath:/config/application.yaml
2023-03-01T14:42:24.342+08:00 TRACE 908 --- [           main] b.c.c.StandardConfigDataLocationResolver : Skipping missing resource classpath:/config/application.yml
2023-03-01T14:42:24.342+08:00 TRACE 908 --- [           main] b.c.c.StandardConfigDataLocationResolver : Skipping missing resource classpath:/config/application.xml
2023-03-01T14:42:24.342+08:00 TRACE 908 --- [           main] b.c.c.StandardConfigDataLocationResolver : Skipping missing resource classpath:/config/application.properties
2023-03-01T14:42:24.343+08:00 TRACE 908 --- [           main] o.s.b.context.config.ConfigDataLoaders   : Loading class path resource [application.properties] using loader org.springframework.boot.context.config.StandardConfigDataLoader
2023-03-01T14:42:24.343+08:00 TRACE 908 --- [           main] .b.c.c.ConfigDataEnvironmentContributors : Imported 1 resource [class path resource [application.properties]]
2023-03-01T14:42:24.343+08:00 TRACE 908 --- [           main] .b.c.c.ConfigDataEnvironmentContributors : Processing imports [optional:mysql:src/main/resources/application.properties]
2023-03-01T14:42:24.343+08:00 TRACE 908 --- [           main] b.c.c.StandardConfigDataLocationResolver : Skipping missing resource mysql:src/main/resources/application.properties
2023-03-01T14:42:24.343+08:00 TRACE 908 --- [           main] .b.c.c.ConfigDataEnvironmentContributors : Nothing imported
2023-03-01T14:42:24.343+08:00 TRACE 908 --- [           main] .b.c.c.ConfigDataEnvironmentContributors : Processed imports for of 3 contributors
2023-03-01T14:42:24.344+08:00 TRACE 908 --- [           main] o.s.b.c.config.ConfigDataEnvironment     : Creating config data activation context from initial contributions
2023-03-01T14:42:24.344+08:00 TRACE 908 --- [           main] o.s.b.c.config.ConfigDataEnvironment     : Processing config data environment contributors with initial activation context
2023-03-01T14:42:24.347+08:00 TRACE 908 --- [           main] .b.c.c.ConfigDataEnvironmentContributors : Processing imports for phase BEFORE_PROFILE_ACTIVATION. [ConfigDataActivationContext@1f2d2181 cloudPlatform = [null], profiles = [null]]
2023-03-01T14:42:24.348+08:00 TRACE 908 --- [           main] .b.c.c.ConfigDataEnvironmentContributors : Processed imports for of 0 contributors
2023-03-01T14:42:24.348+08:00 TRACE 908 --- [           main] o.s.b.c.config.ConfigDataEnvironment     : Deducing profiles from current config data environment contributors
2023-03-01T14:42:24.348+08:00 TRACE 908 --- [           main] o.s.b.c.config.ConfigDataEnvironment     : Processing config data environment contributors with profile activation context
2023-03-01T14:42:24.349+08:00 TRACE 908 --- [           main] .b.c.c.ConfigDataEnvironmentContributors : Processing imports for phase AFTER_PROFILE_ACTIVATION. [ConfigDataActivationContext@49bf29c6 cloudPlatform = [null], profiles = [Profiles@7ee55e70 active = '[]', default = '[default]', accepted = '[default]']]
2023-03-01T14:42:24.349+08:00 TRACE 908 --- [           main] .b.c.c.ConfigDataEnvironmentContributors : Processing imports [optional:file:./;optional:file:./config/;optional:file:./config/*/]
2023-03-01T14:42:24.349+08:00 TRACE 908 --- [           main] b.c.c.StandardConfigDataLocationResolver : Skipping missing resource file:./application.yaml
2023-03-01T14:42:24.349+08:00 TRACE 908 --- [           main] b.c.c.StandardConfigDataLocationResolver : Skipping missing resource file:./application.yml
2023-03-01T14:42:24.349+08:00 TRACE 908 --- [           main] b.c.c.StandardConfigDataLocationResolver : Skipping missing resource file:./application.xml
2023-03-01T14:42:24.349+08:00 TRACE 908 --- [           main] b.c.c.StandardConfigDataLocationResolver : Skipping missing resource file:./application.properties
2023-03-01T14:42:24.349+08:00 TRACE 908 --- [           main] b.c.c.StandardConfigDataLocationResolver : Skipping missing resource file:./config/application.yaml
2023-03-01T14:42:24.349+08:00 TRACE 908 --- [           main] b.c.c.StandardConfigDataLocationResolver : Skipping missing resource file:./config/application.yml
2023-03-01T14:42:24.349+08:00 TRACE 908 --- [           main] b.c.c.StandardConfigDataLocationResolver : Skipping missing resource file:./config/application.xml
2023-03-01T14:42:24.350+08:00 TRACE 908 --- [           main] b.c.c.StandardConfigDataLocationResolver : Skipping missing resource file:./config/application.properties
2023-03-01T14:42:24.350+08:00 TRACE 908 --- [           main] b.c.c.StandardConfigDataLocationResolver : Skipping missing resource file:./application-default.yaml
2023-03-01T14:42:24.350+08:00 TRACE 908 --- [           main] b.c.c.StandardConfigDataLocationResolver : Skipping missing resource file:./application-default.yml
2023-03-01T14:42:24.350+08:00 TRACE 908 --- [           main] b.c.c.StandardConfigDataLocationResolver : Skipping missing resource file:./application-default.xml
2023-03-01T14:42:24.350+08:00 TRACE 908 --- [           main] b.c.c.StandardConfigDataLocationResolver : Skipping missing resource file:./application-default.properties
2023-03-01T14:42:24.350+08:00 TRACE 908 --- [           main] b.c.c.StandardConfigDataLocationResolver : Skipping missing resource file:./config/application-default.yaml
2023-03-01T14:42:24.350+08:00 TRACE 908 --- [           main] b.c.c.StandardConfigDataLocationResolver : Skipping missing resource file:./config/application-default.yml
2023-03-01T14:42:24.350+08:00 TRACE 908 --- [           main] b.c.c.StandardConfigDataLocationResolver : Skipping missing resource file:./config/application-default.xml
2023-03-01T14:42:24.351+08:00 TRACE 908 --- [           main] b.c.c.StandardConfigDataLocationResolver : Skipping missing resource file:./config/application-default.properties
2023-03-01T14:42:24.351+08:00 TRACE 908 --- [           main] .b.c.c.ConfigDataEnvironmentContributors : Nothing imported
2023-03-01T14:42:24.351+08:00 TRACE 908 --- [           main] .b.c.c.ConfigDataEnvironmentContributors : Processing imports [optional:mysql:src/main/resources/application.properties]
2023-03-01T14:42:24.351+08:00 TRACE 908 --- [           main] b.c.c.StandardConfigDataLocationResolver : Skipping missing resource mysql:src/main/resources/application.properties
2023-03-01T14:42:24.351+08:00 TRACE 908 --- [           main] b.c.c.StandardConfigDataLocationResolver : Skipping missing resource mysql:src/main/resources/application-default.properties
2023-03-01T14:42:24.351+08:00 TRACE 908 --- [           main] .b.c.c.ConfigDataEnvironmentContributors : Nothing imported
2023-03-01T14:42:24.351+08:00 TRACE 908 --- [           main] .b.c.c.ConfigDataEnvironmentContributors : Processing imports [optional:classpath:/;optional:classpath:/config/]
2023-03-01T14:42:24.351+08:00 TRACE 908 --- [           main] b.c.c.StandardConfigDataLocationResolver : Skipping missing resource classpath:/application.yaml
2023-03-01T14:42:24.351+08:00 TRACE 908 --- [           main] b.c.c.StandardConfigDataLocationResolver : Skipping missing resource classpath:/application.yml
2023-03-01T14:42:24.351+08:00 TRACE 908 --- [           main] b.c.c.StandardConfigDataLocationResolver : Skipping missing resource classpath:/application.xml
2023-03-01T14:42:24.351+08:00 TRACE 908 --- [           main] b.c.c.StandardConfigDataLocationResolver : Skipping missing resource classpath:/config/application.yaml
2023-03-01T14:42:24.353+08:00 TRACE 908 --- [           main] b.c.c.StandardConfigDataLocationResolver : Skipping missing resource classpath:/config/application.yml
2023-03-01T14:42:24.353+08:00 TRACE 908 --- [           main] b.c.c.StandardConfigDataLocationResolver : Skipping missing resource classpath:/config/application.xml
2023-03-01T14:42:24.353+08:00 TRACE 908 --- [           main] b.c.c.StandardConfigDataLocationResolver : Skipping missing resource classpath:/config/application.properties
2023-03-01T14:42:24.353+08:00 TRACE 908 --- [           main] b.c.c.StandardConfigDataLocationResolver : Skipping missing resource classpath:/application-default.yaml
2023-03-01T14:42:24.353+08:00 TRACE 908 --- [           main] b.c.c.StandardConfigDataLocationResolver : Skipping missing resource classpath:/application-default.yml
2023-03-01T14:42:24.353+08:00 TRACE 908 --- [           main] b.c.c.StandardConfigDataLocationResolver : Skipping missing resource classpath:/application-default.xml
2023-03-01T14:42:24.353+08:00 TRACE 908 --- [           main] b.c.c.StandardConfigDataLocationResolver : Skipping missing resource classpath:/application-default.properties
2023-03-01T14:42:24.353+08:00 TRACE 908 --- [           main] b.c.c.StandardConfigDataLocationResolver : Skipping missing resource classpath:/config/application-default.yaml
2023-03-01T14:42:24.353+08:00 TRACE 908 --- [           main] b.c.c.StandardConfigDataLocationResolver : Skipping missing resource classpath:/config/application-default.yml
2023-03-01T14:42:24.353+08:00 TRACE 908 --- [           main] b.c.c.StandardConfigDataLocationResolver : Skipping missing resource classpath:/config/application-default.xml
2023-03-01T14:42:24.353+08:00 TRACE 908 --- [           main] b.c.c.StandardConfigDataLocationResolver : Skipping missing resource classpath:/config/application-default.properties
2023-03-01T14:42:24.353+08:00 TRACE 908 --- [           main] .b.c.c.ConfigDataEnvironmentContributors : Nothing imported
2023-03-01T14:42:24.353+08:00 TRACE 908 --- [           main] .b.c.c.ConfigDataEnvironmentContributors : Processed imports for of 3 contributors
2023-03-01T14:42:24.353+08:00 TRACE 908 --- [           main] o.s.b.c.config.ConfigDataEnvironment     : Applying config data environment contributions
2023-03-01T14:42:24.353+08:00 TRACE 908 --- [           main] o.s.b.c.config.ConfigDataEnvironment     : Adding imported property source 'Config resource 'class path resource [application.properties]' via location 'optional:classpath:/''
2023-03-01T14:42:24.353+08:00 TRACE 908 --- [           main] o.s.b.c.config.ConfigDataEnvironment     : Setting default profiles: [default]
2023-03-01T14:42:24.353+08:00 TRACE 908 --- [           main] o.s.b.c.config.ConfigDataEnvironment     : Setting active profiles: []
2023-03-01T14:42:24.363+08:00 TRACE 908 --- [           main] o.s.w.c.s.GenericWebApplicationContext   : Refreshing org.springframework.web.context.support.GenericWebApplicationContext@1b5bc39d, started on Wed Mar 01 14:42:24 SGT 2023
2023-03-01T14:42:24.384+08:00 TRACE 908 --- [           main] o.s.b.f.s.DefaultListableBeanFactory     : Registering scope 'request' with implementation [org.springframework.web.context.request.RequestScope@553f3b6e]
2023-03-01T14:42:24.386+08:00 TRACE 908 --- [           main] o.s.b.f.s.DefaultListableBeanFactory     : Registering scope 'session' with implementation [org.springframework.web.context.request.SessionScope@76f10035]
2023-03-01T14:42:24.387+08:00 TRACE 908 --- [           main] o.s.b.f.s.DefaultListableBeanFactory     : Registering scope 'application' with implementation [org.springframework.web.context.support.ServletContextScope@41c62850]
2023-03-01T14:42:24.403+08:00 DEBUG 908 --- [           main] o.s.b.f.s.DefaultListableBeanFactory     : Creating shared instance of singleton bean 'org.springframework.context.annotation.internalConfigurationAnnotationProcessor'
2023-03-01T14:42:24.404+08:00 TRACE 908 --- [           main] o.s.b.f.s.DefaultListableBeanFactory     : Creating instance of bean 'org.springframework.context.annotation.internalConfigurationAnnotationProcessor'
2023-03-01T14:42:24.429+08:00 DEBUG 908 --- [           main] o.s.b.f.s.DefaultListableBeanFactory     : Creating shared instance of singleton bean 'org.springframework.boot.autoconfigure.internalCachingMetadataReaderFactory'
2023-03-01T14:42:24.430+08:00 TRACE 908 --- [           main] o.s.b.f.s.DefaultListableBeanFactory     : Creating instance of bean 'org.springframework.boot.autoconfigure.internalCachingMetadataReaderFactory'
2023-03-01T14:42:24.431+08:00 TRACE 908 --- [           main] o.s.b.f.s.DefaultListableBeanFactory     : Finished creating instance of bean 'org.springframework.boot.autoconfigure.internalCachingMetadataReaderFactory'
2023-03-01T14:42:24.436+08:00 TRACE 908 --- [           main] o.s.c.io.support.SpringFactoriesLoader   : Loaded [org.springframework.beans.BeanInfoFactory] names: []
2023-03-01T14:42:24.439+08:00 TRACE 908 --- [           main] o.s.beans.CachedIntrospectionResults     : Getting BeanInfo for class [org.springframework.context.annotation.ConfigurationClassPostProcessor]
2023-03-01T14:42:24.444+08:00 TRACE 908 --- [           main] o.s.beans.CachedIntrospectionResults     : Caching PropertyDescriptors for class [org.springframework.context.annotation.ConfigurationClassPostProcessor]
2023-03-01T14:42:24.445+08:00 TRACE 908 --- [           main] o.s.beans.CachedIntrospectionResults     : Found bean property 'applicationStartup' of type [org.springframework.core.metrics.ApplicationStartup]
2023-03-01T14:42:24.446+08:00 TRACE 908 --- [           main] o.s.beans.CachedIntrospectionResults     : Found bean property 'beanClassLoader' of type [java.lang.ClassLoader]
2023-03-01T14:42:24.447+08:00 TRACE 908 --- [           main] o.s.beans.CachedIntrospectionResults     : Found bean property 'beanExcludedFromAotProcessing' of type [boolean]
2023-03-01T14:42:24.447+08:00 TRACE 908 --- [           main] o.s.beans.CachedIntrospectionResults     : Found bean property 'beanNameGenerator' of type [org.springframework.beans.factory.support.BeanNameGenerator]
2023-03-01T14:42:24.448+08:00 TRACE 908 --- [           main] o.s.beans.CachedIntrospectionResults     : Found bean property 'class' of type [java.lang.Class]
2023-03-01T14:42:24.450+08:00 TRACE 908 --- [           main] o.s.beans.CachedIntrospectionResults     : Found bean property 'environment' of type [org.springframework.core.env.Environment]
2023-03-01T14:42:24.450+08:00 TRACE 908 --- [           main] o.s.beans.CachedIntrospectionResults     : Found bean property 'metadataReaderFactory' of type [org.springframework.core.type.classreading.MetadataReaderFactory]
2023-03-01T14:42:24.450+08:00 TRACE 908 --- [           main] o.s.beans.CachedIntrospectionResults     : Found bean property 'order' of type [int]
2023-03-01T14:42:24.450+08:00 TRACE 908 --- [           main] o.s.beans.CachedIntrospectionResults     : Found bean property 'problemReporter' of type [org.springframework.beans.factory.parsing.ProblemReporter]
2023-03-01T14:42:24.450+08:00 TRACE 908 --- [           main] o.s.beans.CachedIntrospectionResults     : Found bean property 'resourceLoader' of type [org.springframework.core.io.ResourceLoader]
2023-03-01T14:42:24.450+08:00 TRACE 908 --- [           main] o.s.beans.CachedIntrospectionResults     : Found bean property 'sourceExtractor' of type [org.springframework.beans.factory.parsing.SourceExtractor]
2023-03-01T14:42:24.460+08:00 TRACE 908 --- [           main] o.s.b.f.s.DefaultListableBeanFactory     : Finished creating instance of bean 'org.springframework.context.annotation.internalConfigurationAnnotationProcessor'
2023-03-01T14:42:24.479+08:00 TRACE 908 --- [           main] o.s.c.a.ClassPathBeanDefinitionScanner   : JSR-250 'jakarta.annotation.ManagedBean' found and supported for component scanning
2023-03-01T14:42:24.479+08:00 TRACE 908 --- [           main] o.s.c.a.ClassPathBeanDefinitionScanner   : JSR-330 'jakarta.inject.Named' annotation found and supported for component scanning
2023-03-01T14:42:24.483+08:00 TRACE 908 --- [           main] .i.s.PathMatchingResourcePatternResolver : Resolved module-path location pattern [com/unimap/zerohunger/**/*.class] to resources []
2023-03-01T14:42:24.483+08:00 TRACE 908 --- [           main] .i.s.PathMatchingResourcePatternResolver : Resolved module-path location pattern [com/unimap/zerohunger/] to resources []
2023-03-01T14:42:24.484+08:00 TRACE 908 --- [           main] .i.s.PathMatchingResourcePatternResolver : Resolved classpath location [com/unimap/zerohunger/] to resources [file [c:\Users\MSI\Documents\CODINGS\NEW_BACKEND\zerohunger\target\test-classes\com\unimap\zerohunger], file [c:\Users\MSI\Documents\CODINGS\NEW_BACKEND\zerohunger\target\classes\com\unimap\zerohunger]]
2023-03-01T14:42:24.485+08:00 TRACE 908 --- [           main] .i.s.PathMatchingResourcePatternResolver : Searching directory [c:\Users\MSI\Documents\CODINGS\NEW_BACKEND\zerohunger\target\test-classes\com\unimap\zerohunger] for files matching pattern [**/*.class]
2023-03-01T14:42:24.487+08:00 TRACE 908 --- [           main] .i.s.PathMatchingResourcePatternResolver : Searching directory [c:\Users\MSI\Documents\CODINGS\NEW_BACKEND\zerohunger\target\classes\com\unimap\zerohunger] for files matching pattern [**/*.class]
2023-03-01T14:42:24.493+08:00 TRACE 908 --- [           main] .i.s.PathMatchingResourcePatternResolver : Resolved location pattern [classpath*:com/unimap/zerohunger/**/*.class] to resources [file [c:\Users\MSI\Documents\CODINGS\NEW_BACKEND\zerohunger\target\test-classes\com\unimap\zerohunger\ZerohungerApplicationTests.class], file [c:\Users\MSI\Documents\CODINGS\NEW_BACKEND\zerohunger\target\classes\com\unimap\zerohunger\config\AppProperties$Auth.class], file [c:\Users\MSI\Documents\CODINGS\NEW_BACKEND\zerohunger\target\classes\com\unimap\zerohunger\config\AppProperties$OAuth2.class], file [c:\Users\MSI\Documents\CODINGS\NEW_BACKEND\zerohunger\target\classes\com\unimap\zerohunger\config\AppProperties.class], file [c:\Users\MSI\Documents\CODINGS\NEW_BACKEND\zerohunger\target\classes\com\unimap\zerohunger\config\CurrentUser.class], file [c:\Users\MSI\Documents\CODINGS\NEW_BACKEND\zerohunger\target\classes\com\unimap\zerohunger\config\RestAuthenticationEntryPoint.class], file [c:\Users\MSI\Documents\CODINGS\NEW_BACKEND\zerohunger\target\classes\com\unimap\zerohunger\config\SetupDataLoader.class], file [c:\Users\MSI\Documents\CODINGS\NEW_BACKEND\zerohunger\target\classes\com\unimap\zerohunger\config\WebConfig.class], file [c:\Users\MSI\Documents\CODINGS\NEW_BACKEND\zerohunger\target\classes\com\unimap\zerohunger\config\WebSecurityConfig.class], file [c:\Users\MSI\Documents\CODINGS\NEW_BACKEND\zerohunger\target\classes\com\unimap\zerohunger\controller\AuthController.class], file [c:\Users\MSI\Documents\CODINGS\NEW_BACKEND\zerohunger\target\classes\com\unimap\zerohunger\controller\UserController.class], file [c:\Users\MSI\Documents\CODINGS\NEW_BACKEND\zerohunger\target\classes\com\unimap\zerohunger\dto\ApiResponse.class], file [c:\Users\MSI\Documents\CODINGS\NEW_BACKEND\zerohunger\target\classes\com\unimap\zerohunger\dto\JwtAuthenticationResponse.class], file [c:\Users\MSI\Documents\CODINGS\NEW_BACKEND\zerohunger\target\classes\com\unimap\zerohunger\dto\LocalUser.class], file [c:\Users\MSI\Documents\CODINGS\NEW_BACKEND\zerohunger\target\classes\com\unimap\zerohunger\dto\LoginRequest.class], file [c:\Users\MSI\Documents\CODINGS\NEW_BACKEND\zerohunger\target\classes\com\unimap\zerohunger\dto\SignUpRequest$Builder.class], file [c:\Users\MSI\Documents\CODINGS\NEW_BACKEND\zerohunger\target\classes\com\unimap\zerohunger\dto\SignUpRequest.class], file [c:\Users\MSI\Documents\CODINGS\NEW_BACKEND\zerohunger\target\classes\com\unimap\zerohunger\dto\SocialProvider.class], file [c:\Users\MSI\Documents\CODINGS\NEW_BACKEND\zerohunger\target\classes\com\unimap\zerohunger\dto\UserInfo.class], file [c:\Users\MSI\Documents\CODINGS\NEW_BACKEND\zerohunger\target\classes\com\unimap\zerohunger\exception\BadRequestException.class], file [c:\Users\MSI\Documents\CODINGS\NEW_BACKEND\zerohunger\target\classes\com\unimap\zerohunger\exception\handler\RestResponseEntityExceptionHandler.class], file [c:\Users\MSI\Documents\CODINGS\NEW_BACKEND\zerohunger\target\classes\com\unimap\zerohunger\exception\OAuth2AuthenticationProcessingException.class], file [c:\Users\MSI\Documents\CODINGS\NEW_BACKEND\zerohunger\target\classes\com\unimap\zerohunger\exception\ResourceNotFoundException.class], file [c:\Users\MSI\Documents\CODINGS\NEW_BACKEND\zerohunger\target\classes\com\unimap\zerohunger\exception\UserAlreadyExistAuthenticationException.class], file [c:\Users\MSI\Documents\CODINGS\NEW_BACKEND\zerohunger\target\classes\com\unimap\zerohunger\model\Entity.class], file [c:\Users\MSI\Documents\CODINGS\NEW_BACKEND\zerohunger\target\classes\com\unimap\zerohunger\model\Role.class], file [c:\Users\MSI\Documents\CODINGS\NEW_BACKEND\zerohunger\target\classes\com\unimap\zerohunger\model\User.class], file [c:\Users\MSI\Documents\CODINGS\NEW_BACKEND\zerohunger\target\classes\com\unimap\zerohunger\repo\RoleRepository.class], file [c:\Users\MSI\Documents\CODINGS\NEW_BACKEND\zerohunger\target\classes\com\unimap\zerohunger\repo\UserRepository.class], file [c:\Users\MSI\Documents\CODINGS\NEW_BACKEND\zerohunger\target\classes\com\unimap\zerohunger\security\jwt\TokenAuthenticationFilter.class], file [c:\Users\MSI\Documents\CODINGS\NEW_BACKEND\zerohunger\target\classes\com\unimap\zerohunger\security\jwt\TokenProvider.class], file [c:\Users\MSI\Documents\CODINGS\NEW_BACKEND\zerohunger\target\classes\com\unimap\zerohunger\security\oauth2\AppUserInfo.class], file [c:\Users\MSI\Documents\CODINGS\NEW_BACKEND\zerohunger\target\classes\com\unimap\zerohunger\security\oauth2\CustomOAuth2UserService.class], file [c:\Users\MSI\Documents\CODINGS\NEW_BACKEND\zerohunger\target\classes\com\unimap\zerohunger\security\oauth2\CustomOidcUserService.class], file [c:\Users\MSI\Documents\CODINGS\NEW_BACKEND\zerohunger\target\classes\com\unimap\zerohunger\security\oauth2\HttpCookieOAuth2AuthorizationRequestRepository.class], file [c:\Users\MSI\Documents\CODINGS\NEW_BACKEND\zerohunger\target\classes\com\unimap\zerohunger\security\oauth2\OAuth2AccessTokenResponseConverterWithDefaults.class], file [c:\Users\MSI\Documents\CODINGS\NEW_BACKEND\zerohunger\target\classes\com\unimap\zerohunger\security\oauth2\OAuth2AuthenticationFailureHandler.class], file [c:\Users\MSI\Documents\CODINGS\NEW_BACKEND\zerohunger\target\classes\com\unimap\zerohunger\security\oauth2\OAuth2AuthenticationSuccessHandler.class], file [c:\Users\MSI\Documents\CODINGS\NEW_BACKEND\zerohunger\target\classes\com\unimap\zerohunger\security\oauth2\OAuth2UserInfo.class], file [c:\Users\MSI\Documents\CODINGS\NEW_BACKEND\zerohunger\target\classes\com\unimap\zerohunger\security\oauth2\user\GoogleOAuth2UserInfo.class], file [c:\Users\MSI\Documents\CODINGS\NEW_BACKEND\zerohunger\target\classes\com\unimap\zerohunger\security\oauth2\user\OAuth2UserInfoFactory.class], file [c:\Users\MSI\Documents\CODINGS\NEW_BACKEND\zerohunger\target\classes\com\unimap\zerohunger\service\LocalUserDetailService.class], file [c:\Users\MSI\Documents\CODINGS\NEW_BACKEND\zerohunger\target\classes\com\unimap\zerohunger\service\UserService.class], file [c:\Users\MSI\Documents\CODINGS\NEW_BACKEND\zerohunger\target\classes\com\unimap\zerohunger\service\UserServiceImpl.class], file [c:\Users\MSI\Documents\CODINGS\NEW_BACKEND\zerohunger\target\classes\com\unimap\zerohunger\util\CookieUtils.class], file [c:\Users\MSI\Documents\CODINGS\NEW_BACKEND\zerohunger\target\classes\com\unimap\zerohunger\util\GeneralUtils.class], file [c:\Users\MSI\Documents\CODINGS\NEW_BACKEND\zerohunger\target\classes\com\unimap\zerohunger\validator\PasswordMatches.class], file [c:\Users\MSI\Documents\CODINGS\NEW_BACKEND\zerohunger\target\classes\com\unimap\zerohunger\validator\PasswordMatchesValidator.class]]
2023-03-01T14:42:24.494+08:00 TRACE 908 --- [           main] o.s.c.a.ClassPathBeanDefinitionScanner   : Scanning file [c:\Users\MSI\Documents\CODINGS\NEW_BACKEND\zerohunger\target\test-classes\com\unimap\zerohunger\ZerohungerApplicationTests.class]
2023-03-01T14:42:24.497+08:00 TRACE 908 --- [           main] o.s.b.f.s.DefaultListableBeanFactory     : Returning cached instance of singleton bean 'org.springframework.boot.test.context.filter.TestTypeExcludeFilter'
2023-03-01T14:42:24.499+08:00 TRACE 908 --- [           main] o.s.c.a.ClassPathBeanDefinitionScanner   : Ignored because not matching any filter: file [c:\Users\MSI\Documents\CODINGS\NEW_BACKEND\zerohunger\target\test-classes\com\unimap\zerohunger\ZerohungerApplicationTests.class]
2023-03-01T14:42:24.500+08:00 TRACE 908 --- [           main] o.s.c.a.ClassPathBeanDefinitionScanner   : Scanning file [c:\Users\MSI\Documents\CODINGS\NEW_BACKEND\zerohunger\target\classes\com\unimap\zerohunger\config\AppProperties$Auth.class]
2023-03-01T14:42:24.510+08:00 TRACE 908 --- [           main] o.s.c.a.ClassPathBeanDefinitionScanner   : Ignored because not matching any filter: file [c:\Users\MSI\Documents\CODINGS\NEW_BACKEND\zerohunger\target\classes\com\unimap\zerohunger\config\AppProperties$Auth.class]
2023-03-01T14:42:24.510+08:00 TRACE 908 --- [           main] o.s.c.a.ClassPathBeanDefinitionScanner   : Scanning file [c:\Users\MSI\Documents\CODINGS\NEW_BACKEND\zerohunger\target\classes\com\unimap\zerohunger\config\AppProperties$OAuth2.class]
2023-03-01T14:42:24.514+08:00 TRACE 908 --- [           main] o.s.c.a.ClassPathBeanDefinitionScanner   : Ignored because not matching any filter: file [c:\Users\MSI\Documents\CODINGS\NEW_BACKEND\zerohunger\target\classes\com\unimap\zerohunger\config\AppProperties$OAuth2.class]
2023-03-01T14:42:24.514+08:00 TRACE 908 --- [           main] o.s.c.a.ClassPathBeanDefinitionScanner   : Scanning file [c:\Users\MSI\Documents\CODINGS\NEW_BACKEND\zerohunger\target\classes\com\unimap\zerohunger\config\AppProperties.class]
2023-03-01T14:42:24.515+08:00 DEBUG 908 --- [           main] o.s.c.a.ClassPathBeanDefinitionScanner   : Identified candidate component class: file [c:\Users\MSI\Documents\CODINGS\NEW_BACKEND\zerohunger\target\classes\com\unimap\zerohunger\config\AppProperties.class]
2023-03-01T14:42:24.516+08:00 TRACE 908 --- [           main] o.s.c.a.ClassPathBeanDefinitionScanner   : Scanning file [c:\Users\MSI\Documents\CODINGS\NEW_BACKEND\zerohunger\target\classes\com\unimap\zerohunger\config\CurrentUser.class]
2023-03-01T14:42:24.520+08:00 TRACE 908 --- [           main] o.s.c.a.ClassPathBeanDefinitionScanner   : Ignored because not matching any filter: file [c:\Users\MSI\Documents\CODINGS\NEW_BACKEND\zerohunger\target\classes\com\unimap\zerohunger\config\CurrentUser.class]
2023-03-01T14:42:24.521+08:00 TRACE 908 --- [           main] o.s.c.a.ClassPathBeanDefinitionScanner   : Scanning file [c:\Users\MSI\Documents\CODINGS\NEW_BACKEND\zerohunger\target\classes\com\unimap\zerohunger\config\RestAuthenticationEntryPoint.class]
2023-03-01T14:42:24.522+08:00 TRACE 908 --- [           main] o.s.c.a.ClassPathBeanDefinitionScanner   : Ignored because not matching any filter: file [c:\Users\MSI\Documents\CODINGS\NEW_BACKEND\zerohunger\target\classes\com\unimap\zerohunger\config\RestAuthenticationEntryPoint.class]
2023-03-01T14:42:24.523+08:00 TRACE 908 --- [           main] o.s.c.a.ClassPathBeanDefinitionScanner   : Scanning file [c:\Users\MSI\Documents\CODINGS\NEW_BACKEND\zerohunger\target\classes\com\unimap\zerohunger\config\SetupDataLoader.class]
2023-03-01T14:42:24.533+08:00 DEBUG 908 --- [           main] o.s.c.a.ClassPathBeanDefinitionScanner   : Identified candidate component class: file [c:\Users\MSI\Documents\CODINGS\NEW_BACKEND\zerohunger\target\classes\com\unimap\zerohunger\config\SetupDataLoader.class]
2023-03-01T14:42:24.533+08:00 TRACE 908 --- [           main] o.s.c.a.ClassPathBeanDefinitionScanner   : Scanning file [c:\Users\MSI\Documents\CODINGS\NEW_BACKEND\zerohunger\target\classes\com\unimap\zerohunger\config\WebConfig.class]
2023-03-01T14:42:24.542+08:00 DEBUG 908 --- [           main] o.s.c.a.ClassPathBeanDefinitionScanner   : Identified candidate component class: file [c:\Users\MSI\Documents\CODINGS\NEW_BACKEND\zerohunger\target\classes\com\unimap\zerohunger\config\WebConfig.class]
2023-03-01T14:42:24.543+08:00 TRACE 908 --- [           main] o.s.c.a.ClassPathBeanDefinitionScanner   : Scanning file [c:\Users\MSI\Documents\CODINGS\NEW_BACKEND\zerohunger\target\classes\com\unimap\zerohunger\config\WebSecurityConfig.class]
2023-03-01T14:42:24.556+08:00 DEBUG 908 --- [           main] o.s.c.a.ClassPathBeanDefinitionScanner   : Identified candidate component class: file [c:\Users\MSI\Documents\CODINGS\NEW_BACKEND\zerohunger\target\classes\com\unimap\zerohunger\config\WebSecurityConfig.class]
2023-03-01T14:42:24.556+08:00 TRACE 908 --- [           main] o.s.c.a.ClassPathBeanDefinitionScanner   : Scanning file [c:\Users\MSI\Documents\CODINGS\NEW_BACKEND\zerohunger\target\classes\com\unimap\zerohunger\controller\AuthController.class]
2023-03-01T14:42:24.571+08:00 DEBUG 908 --- [           main] o.s.c.a.ClassPathBeanDefinitionScanner   : Identified candidate component class: file [c:\Users\MSI\Documents\CODINGS\NEW_BACKEND\zerohunger\target\classes\com\unimap\zerohunger\controller\AuthController.class]
2023-03-01T14:42:24.571+08:00 TRACE 908 --- [           main] o.s.c.a.ClassPathBeanDefinitionScanner   : Scanning file [c:\Users\MSI\Documents\CODINGS\NEW_BACKEND\zerohunger\target\classes\com\unimap\zerohunger\controller\UserController.class]
2023-03-01T14:42:24.576+08:00 DEBUG 908 --- [           main] o.s.c.a.ClassPathBeanDefinitionScanner   : Identified candidate component class: file [c:\Users\MSI\Documents\CODINGS\NEW_BACKEND\zerohunger\target\classes\com\unimap\zerohunger\controller\UserController.class]
2023-03-01T14:42:24.576+08:00 TRACE 908 --- [           main] o.s.c.a.ClassPathBeanDefinitionScanner   : Scanning file [c:\Users\MSI\Documents\CODINGS\NEW_BACKEND\zerohunger\target\classes\com\unimap\zerohunger\dto\ApiResponse.class]
2023-03-01T14:42:24.579+08:00 TRACE 908 --- [           main] o.s.c.a.ClassPathBeanDefinitionScanner   : Ignored because not matching any filter: file [c:\Users\MSI\Documents\CODINGS\NEW_BACKEND\zerohunger\target\classes\com\unimap\zerohunger\dto\ApiResponse.class]
2023-03-01T14:42:24.580+08:00 TRACE 908 --- [           main] o.s.c.a.ClassPathBeanDefinitionScanner   : Scanning file [c:\Users\MSI\Documents\CODINGS\NEW_BACKEND\zerohunger\target\classes\com\unimap\zerohunger\dto\JwtAuthenticationResponse.class]
2023-03-01T14:42:24.584+08:00 TRACE 908 --- [           main] o.s.c.a.ClassPathBeanDefinitionScanner   : Ignored because not matching any filter: file [c:\Users\MSI\Documents\CODINGS\NEW_BACKEND\zerohunger\target\classes\com\unimap\zerohunger\dto\JwtAuthenticationResponse.class]
2023-03-01T14:42:24.584+08:00 TRACE 908 --- [           main] o.s.c.a.ClassPathBeanDefinitionScanner   : Scanning file [c:\Users\MSI\Documents\CODINGS\NEW_BACKEND\zerohunger\target\classes\com\unimap\zerohunger\dto\LocalUser.class]
2023-03-01T14:42:24.587+08:00 TRACE 908 --- [           main] o.s.c.a.ClassPathBeanDefinitionScanner   : Ignored because not matching any filter: file [c:\Users\MSI\Documents\CODINGS\NEW_BACKEND\zerohunger\target\classes\com\unimap\zerohunger\dto\LocalUser.class]
2023-03-01T14:42:24.587+08:00 TRACE 908 --- [           main] o.s.c.a.ClassPathBeanDefinitionScanner   : Scanning file [c:\Users\MSI\Documents\CODINGS\NEW_BACKEND\zerohunger\target\classes\com\unimap\zerohunger\dto\LoginRequest.class]
2023-03-01T14:42:24.591+08:00 TRACE 908 --- [           main] o.s.c.a.ClassPathBeanDefinitionScanner   : Ignored because not matching any filter: file [c:\Users\MSI\Documents\CODINGS\NEW_BACKEND\zerohunger\target\classes\com\unimap\zerohunger\dto\LoginRequest.class]
2023-03-01T14:42:24.591+08:00 TRACE 908 --- [           main] o.s.c.a.ClassPathBeanDefinitionScanner   : Scanning file [c:\Users\MSI\Documents\CODINGS\NEW_BACKEND\zerohunger\target\classes\com\unimap\zerohunger\dto\SignUpRequest$Builder.class]
2023-03-01T14:42:24.604+08:00 TRACE 908 --- [           main] o.s.c.a.ClassPathBeanDefinitionScanner   : Ignored because not matching any filter: file [c:\Users\MSI\Documents\CODINGS\NEW_BACKEND\zerohunger\target\classes\com\unimap\zerohunger\dto\SignUpRequest$Builder.class]
2023-03-01T14:42:24.604+08:00 TRACE 908 --- [           main] o.s.c.a.ClassPathBeanDefinitionScanner   : Scanning file [c:\Users\MSI\Documents\CODINGS\NEW_BACKEND\zerohunger\target\classes\com\unimap\zerohunger\dto\SignUpRequest.class]
2023-03-01T14:42:24.605+08:00 TRACE 908 --- [           main] o.s.c.a.ClassPathBeanDefinitionScanner   : Ignored because not matching any filter: file [c:\Users\MSI\Documents\CODINGS\NEW_BACKEND\zerohunger\target\classes\com\unimap\zerohunger\dto\SignUpRequest.class]
2023-03-01T14:42:24.605+08:00 TRACE 908 --- [           main] o.s.c.a.ClassPathBeanDefinitionScanner   : Scanning file [c:\Users\MSI\Documents\CODINGS\NEW_BACKEND\zerohunger\target\classes\com\unimap\zerohunger\dto\SocialProvider.class]
2023-03-01T14:42:24.609+08:00 TRACE 908 --- [           main] o.s.c.a.ClassPathBeanDefinitionScanner   : Ignored because not matching any filter: file [c:\Users\MSI\Documents\CODINGS\NEW_BACKEND\zerohunger\target\classes\com\unimap\zerohunger\dto\SocialProvider.class]
2023-03-01T14:42:24.609+08:00 TRACE 908 --- [           main] o.s.c.a.ClassPathBeanDefinitionScanner   : Scanning file [c:\Users\MSI\Documents\CODINGS\NEW_BACKEND\zerohunger\target\classes\com\unimap\zerohunger\dto\UserInfo.class]
2023-03-01T14:42:24.611+08:00 TRACE 908 --- [           main] o.s.c.a.ClassPathBeanDefinitionScanner   : Ignored because not matching any filter: file [c:\Users\MSI\Documents\CODINGS\NEW_BACKEND\zerohunger\target\classes\com\unimap\zerohunger\dto\UserInfo.class]
2023-03-01T14:42:24.612+08:00 TRACE 908 --- [           main] o.s.c.a.ClassPathBeanDefinitionScanner   : Scanning file [c:\Users\MSI\Documents\CODINGS\NEW_BACKEND\zerohunger\target\classes\com\unimap\zerohunger\exception\BadRequestException.class]
2023-03-01T14:42:24.615+08:00 TRACE 908 --- [           main] o.s.c.a.ClassPathBeanDefinitionScanner   : Ignored because not matching any filter: file [c:\Users\MSI\Documents\CODINGS\NEW_BACKEND\zerohunger\target\classes\com\unimap\zerohunger\exception\BadRequestException.class]
2023-03-01T14:42:24.615+08:00 TRACE 908 --- [           main] o.s.c.a.ClassPathBeanDefinitionScanner   : Scanning file [c:\Users\MSI\Documents\CODINGS\NEW_BACKEND\zerohunger\target\classes\com\unimap\zerohunger\exception\handler\RestResponseEntityExceptionHandler.class]
2023-03-01T14:42:24.619+08:00 DEBUG 908 --- [           main] o.s.c.a.ClassPathBeanDefinitionScanner   : Identified candidate component class: file [c:\Users\MSI\Documents\CODINGS\NEW_BACKEND\zerohunger\target\classes\com\unimap\zerohunger\exception\handler\RestResponseEntityExceptionHandler.class]
2023-03-01T14:42:24.619+08:00 TRACE 908 --- [           main] o.s.c.a.ClassPathBeanDefinitionScanner   : Scanning file [c:\Users\MSI\Documents\CODINGS\NEW_BACKEND\zerohunger\target\classes\com\unimap\zerohunger\exception\OAuth2AuthenticationProcessingException.class]
2023-03-01T14:42:24.622+08:00 TRACE 908 --- [           main] o.s.c.a.ClassPathBeanDefinitionScanner   : Ignored because not matching any filter: file [c:\Users\MSI\Documents\CODINGS\NEW_BACKEND\zerohunger\target\classes\com\unimap\zerohunger\exception\OAuth2AuthenticationProcessingException.class]
2023-03-01T14:42:24.622+08:00 TRACE 908 --- [           main] o.s.c.a.ClassPathBeanDefinitionScanner   : Scanning file [c:\Users\MSI\Documents\CODINGS\NEW_BACKEND\zerohunger\target\classes\com\unimap\zerohunger\exception\ResourceNotFoundException.class]
2023-03-01T14:42:24.623+08:00 TRACE 908 --- [           main] o.s.c.a.ClassPathBeanDefinitionScanner   : Ignored because not matching any filter: file [c:\Users\MSI\Documents\CODINGS\NEW_BACKEND\zerohunger\target\classes\com\unimap\zerohunger\exception\ResourceNotFoundException.class]
2023-03-01T14:42:24.623+08:00 TRACE 908 --- [           main] o.s.c.a.ClassPathBeanDefinitionScanner   : Scanning file [c:\Users\MSI\Documents\CODINGS\NEW_BACKEND\zerohunger\target\classes\com\unimap\zerohunger\exception\UserAlreadyExistAuthenticationException.class]
2023-03-01T14:42:24.627+08:00 TRACE 908 --- [           main] o.s.c.a.ClassPathBeanDefinitionScanner   : Ignored because not matching any filter: file [c:\Users\MSI\Documents\CODINGS\NEW_BACKEND\zerohunger\target\classes\com\unimap\zerohunger\exception\UserAlreadyExistAuthenticationException.class]
2023-03-01T14:42:24.627+08:00 TRACE 908 --- [           main] o.s.c.a.ClassPathBeanDefinitionScanner   : Scanning file [c:\Users\MSI\Documents\CODINGS\NEW_BACKEND\zerohunger\target\classes\com\unimap\zerohunger\model\Entity.class]
2023-03-01T14:42:24.629+08:00 TRACE 908 --- [           main] o.s.c.a.ClassPathBeanDefinitionScanner   : Ignored because not matching any filter: file [c:\Users\MSI\Documents\CODINGS\NEW_BACKEND\zerohunger\target\classes\com\unimap\zerohunger\model\Entity.class]
2023-03-01T14:42:24.629+08:00 TRACE 908 --- [           main] o.s.c.a.ClassPathBeanDefinitionScanner   : Scanning file [c:\Users\MSI\Documents\CODINGS\NEW_BACKEND\zerohunger\target\classes\com\unimap\zerohunger\model\Role.class]
2023-03-01T14:42:24.633+08:00 TRACE 908 --- [           main] o.s.c.a.ClassPathBeanDefinitionScanner   : Ignored because not matching any filter: file [c:\Users\MSI\Documents\CODINGS\NEW_BACKEND\zerohunger\target\classes\com\unimap\zerohunger\model\Role.class]
2023-03-01T14:42:24.633+08:00 TRACE 908 --- [           main] o.s.c.a.ClassPathBeanDefinitionScanner   : Scanning file [c:\Users\MSI\Documents\CODINGS\NEW_BACKEND\zerohunger\target\classes\com\unimap\zerohunger\model\User.class]
2023-03-01T14:42:24.639+08:00 TRACE 908 --- [           main] o.s.c.a.ClassPathBeanDefinitionScanner   : Ignored because not matching any filter: file [c:\Users\MSI\Documents\CODINGS\NEW_BACKEND\zerohunger\target\classes\com\unimap\zerohunger\model\User.class]
2023-03-01T14:42:24.639+08:00 TRACE 908 --- [           main] o.s.c.a.ClassPathBeanDefinitionScanner   : Scanning file [c:\Users\MSI\Documents\CODINGS\NEW_BACKEND\zerohunger\target\classes\com\unimap\zerohunger\repo\RoleRepository.class]
2023-03-01T14:42:24.645+08:00 DEBUG 908 --- [           main] o.s.c.a.ClassPathBeanDefinitionScanner   : Ignored because not a concrete top-level class: file [c:\Users\MSI\Documents\CODINGS\NEW_BACKEND\zerohunger\target\classes\com\unimap\zerohunger\repo\RoleRepository.class]
2023-03-01T14:42:24.645+08:00 TRACE 908 --- [           main] o.s.c.a.ClassPathBeanDefinitionScanner   : Scanning file [c:\Users\MSI\Documents\CODINGS\NEW_BACKEND\zerohunger\target\classes\com\unimap\zerohunger\repo\UserRepository.class]
2023-03-01T14:42:24.649+08:00 DEBUG 908 --- [           main] o.s.c.a.ClassPathBeanDefinitionScanner   : Ignored because not a concrete top-level class: file [c:\Users\MSI\Documents\CODINGS\NEW_BACKEND\zerohunger\target\classes\com\unimap\zerohunger\repo\UserRepository.class]
2023-03-01T14:42:24.649+08:00 TRACE 908 --- [           main] o.s.c.a.ClassPathBeanDefinitionScanner   : Scanning file [c:\Users\MSI\Documents\CODINGS\NEW_BACKEND\zerohunger\target\classes\com\unimap\zerohunger\security\jwt\TokenAuthenticationFilter.class]
2023-03-01T14:42:24.656+08:00 TRACE 908 --- [           main] o.s.c.a.ClassPathBeanDefinitionScanner   : Ignored because not matching any filter: file [c:\Users\MSI\Documents\CODINGS\NEW_BACKEND\zerohunger\target\classes\com\unimap\zerohunger\security\jwt\TokenAuthenticationFilter.class]
2023-03-01T14:42:24.656+08:00 TRACE 908 --- [           main] o.s.c.a.ClassPathBeanDefinitionScanner   : Scanning file [c:\Users\MSI\Documents\CODINGS\NEW_BACKEND\zerohunger\target\classes\com\unimap\zerohunger\security\jwt\TokenProvider.class]
2023-03-01T14:42:24.661+08:00 DEBUG 908 --- [           main] o.s.c.a.ClassPathBeanDefinitionScanner   : Identified candidate component class: file [c:\Users\MSI\Documents\CODINGS\NEW_BACKEND\zerohunger\target\classes\com\unimap\zerohunger\security\jwt\TokenProvider.class]
2023-03-01T14:42:24.661+08:00 TRACE 908 --- [           main] o.s.c.a.ClassPathBeanDefinitionScanner   : Scanning file [c:\Users\MSI\Documents\CODINGS\NEW_BACKEND\zerohunger\target\classes\com\unimap\zerohunger\security\oauth2\AppUserInfo.class]
2023-03-01T14:42:24.665+08:00 TRACE 908 --- [           main] o.s.c.a.ClassPathBeanDefinitionScanner   : Ignored because not matching any filter: file [c:\Users\MSI\Documents\CODINGS\NEW_BACKEND\zerohunger\target\classes\com\unimap\zerohunger\security\oauth2\AppUserInfo.class]
2023-03-01T14:42:24.665+08:00 TRACE 908 --- [           main] o.s.c.a.ClassPathBeanDefinitionScanner   : Scanning file [c:\Users\MSI\Documents\CODINGS\NEW_BACKEND\zerohunger\target\classes\com\unimap\zerohunger\security\oauth2\CustomOAuth2UserService.class]
2023-03-01T14:42:24.669+08:00 DEBUG 908 --- [           main] o.s.c.a.ClassPathBeanDefinitionScanner   : Identified candidate component class: file [c:\Users\MSI\Documents\CODINGS\NEW_BACKEND\zerohunger\target\classes\com\unimap\zerohunger\security\oauth2\CustomOAuth2UserService.class]
2023-03-01T14:42:24.669+08:00 TRACE 908 --- [           main] o.s.c.a.ClassPathBeanDefinitionScanner   : Scanning file [c:\Users\MSI\Documents\CODINGS\NEW_BACKEND\zerohunger\target\classes\com\unimap\zerohunger\security\oauth2\CustomOidcUserService.class]
2023-03-01T14:42:24.673+08:00 DEBUG 908 --- [           main] o.s.c.a.ClassPathBeanDefinitionScanner   : Identified candidate component class: file [c:\Users\MSI\Documents\CODINGS\NEW_BACKEND\zerohunger\target\classes\com\unimap\zerohunger\security\oauth2\CustomOidcUserService.class]
2023-03-01T14:42:24.674+08:00 TRACE 908 --- [           main] o.s.c.a.ClassPathBeanDefinitionScanner   : Scanning file [c:\Users\MSI\Documents\CODINGS\NEW_BACKEND\zerohunger\target\classes\com\unimap\zerohunger\security\oauth2\HttpCookieOAuth2AuthorizationRequestRepository.class]
2023-03-01T14:42:24.675+08:00 DEBUG 908 --- [           main] o.s.c.a.ClassPathBeanDefinitionScanner   : Identified candidate component class: file [c:\Users\MSI\Documents\CODINGS\NEW_BACKEND\zerohunger\target\classes\com\unimap\zerohunger\security\oauth2\HttpCookieOAuth2AuthorizationRequestRepository.class]
2023-03-01T14:42:24.675+08:00 TRACE 908 --- [           main] o.s.c.a.ClassPathBeanDefinitionScanner   : Scanning file [c:\Users\MSI\Documents\CODINGS\NEW_BACKEND\zerohunger\target\classes\com\unimap\zerohunger\security\oauth2\OAuth2AccessTokenResponseConverterWithDefaults.class]
2023-03-01T14:42:24.679+08:00 TRACE 908 --- [           main] o.s.c.a.ClassPathBeanDefinitionScanner   : Ignored because not matching any filter: file [c:\Users\MSI\Documents\CODINGS\NEW_BACKEND\zerohunger\target\classes\com\unimap\zerohunger\security\oauth2\OAuth2AccessTokenResponseConverterWithDefaults.class]
2023-03-01T14:42:24.679+08:00 TRACE 908 --- [           main] o.s.c.a.ClassPathBeanDefinitionScanner   : Scanning file [c:\Users\MSI\Documents\CODINGS\NEW_BACKEND\zerohunger\target\classes\com\unimap\zerohunger\security\oauth2\OAuth2AuthenticationFailureHandler.class]
2023-03-01T14:42:24.682+08:00 DEBUG 908 --- [           main] o.s.c.a.ClassPathBeanDefinitionScanner   : Identified candidate component class: file [c:\Users\MSI\Documents\CODINGS\NEW_BACKEND\zerohunger\target\classes\com\unimap\zerohunger\security\oauth2\OAuth2AuthenticationFailureHandler.class]
2023-03-01T14:42:24.682+08:00 TRACE 908 --- [           main] o.s.c.a.ClassPathBeanDefinitionScanner   : Scanning file [c:\Users\MSI\Documents\CODINGS\NEW_BACKEND\zerohunger\target\classes\com\unimap\zerohunger\security\oauth2\OAuth2AuthenticationSuccessHandler.class]
2023-03-01T14:42:24.686+08:00 DEBUG 908 --- [           main] o.s.c.a.ClassPathBeanDefinitionScanner   : Identified candidate component class: file [c:\Users\MSI\Documents\CODINGS\NEW_BACKEND\zerohunger\target\classes\com\unimap\zerohunger\security\oauth2\OAuth2AuthenticationSuccessHandler.class]
2023-03-01T14:42:24.686+08:00 TRACE 908 --- [           main] o.s.c.a.ClassPathBeanDefinitionScanner   : Scanning file [c:\Users\MSI\Documents\CODINGS\NEW_BACKEND\zerohunger\target\classes\com\unimap\zerohunger\security\oauth2\OAuth2UserInfo.class]
2023-03-01T14:42:24.690+08:00 TRACE 908 --- [           main] o.s.c.a.ClassPathBeanDefinitionScanner   : Ignored because not matching any filter: file [c:\Users\MSI\Documents\CODINGS\NEW_BACKEND\zerohunger\target\classes\com\unimap\zerohunger\security\oauth2\OAuth2UserInfo.class]
2023-03-01T14:42:24.690+08:00 TRACE 908 --- [           main] o.s.c.a.ClassPathBeanDefinitionScanner   : Scanning file [c:\Users\MSI\Documents\CODINGS\NEW_BACKEND\zerohunger\target\classes\com\unimap\zerohunger\security\oauth2\user\GoogleOAuth2UserInfo.class]
2023-03-01T14:42:24.693+08:00 TRACE 908 --- [           main] o.s.c.a.ClassPathBeanDefinitionScanner   : Ignored because not matching any filter: file [c:\Users\MSI\Documents\CODINGS\NEW_BACKEND\zerohunger\target\classes\com\unimap\zerohunger\security\oauth2\user\GoogleOAuth2UserInfo.class]
2023-03-01T14:42:24.694+08:00 TRACE 908 --- [           main] o.s.c.a.ClassPathBeanDefinitionScanner   : Scanning file [c:\Users\MSI\Documents\CODINGS\NEW_BACKEND\zerohunger\target\classes\com\unimap\zerohunger\security\oauth2\user\OAuth2UserInfoFactory.class]
2023-03-01T14:42:24.697+08:00 TRACE 908 --- [           main] o.s.c.a.ClassPathBeanDefinitionScanner   : Ignored because not matching any filter: file [c:\Users\MSI\Documents\CODINGS\NEW_BACKEND\zerohunger\target\classes\com\unimap\zerohunger\security\oauth2\user\OAuth2UserInfoFactory.class]
2023-03-01T14:42:24.698+08:00 TRACE 908 --- [           main] o.s.c.a.ClassPathBeanDefinitionScanner   : Scanning file [c:\Users\MSI\Documents\CODINGS\NEW_BACKEND\zerohunger\target\classes\com\unimap\zerohunger\service\LocalUserDetailService.class]
2023-03-01T14:42:24.702+08:00 DEBUG 908 --- [           main] o.s.c.a.ClassPathBeanDefinitionScanner   : Identified candidate component class: file [c:\Users\MSI\Documents\CODINGS\NEW_BACKEND\zerohunger\target\classes\com\unimap\zerohunger\service\LocalUserDetailService.class]
2023-03-01T14:42:24.702+08:00 TRACE 908 --- [           main] o.s.c.a.ClassPathBeanDefinitionScanner   : Scanning file [c:\Users\MSI\Documents\CODINGS\NEW_BACKEND\zerohunger\target\classes\com\unimap\zerohunger\service\UserService.class]
2023-03-01T14:42:24.705+08:00 TRACE 908 --- [           main] o.s.c.a.ClassPathBeanDefinitionScanner   : Ignored because not matching any filter: file [c:\Users\MSI\Documents\CODINGS\NEW_BACKEND\zerohunger\target\classes\com\unimap\zerohunger\service\UserService.class]
2023-03-01T14:42:24.705+08:00 TRACE 908 --- [           main] o.s.c.a.ClassPathBeanDefinitionScanner   : Scanning file [c:\Users\MSI\Documents\CODINGS\NEW_BACKEND\zerohunger\target\classes\com\unimap\zerohunger\service\UserServiceImpl.class]
2023-03-01T14:42:24.710+08:00 DEBUG 908 --- [           main] o.s.c.a.ClassPathBeanDefinitionScanner   : Identified candidate component class: file [c:\Users\MSI\Documents\CODINGS\NEW_BACKEND\zerohunger\target\classes\com\unimap\zerohunger\service\UserServiceImpl.class]
2023-03-01T14:42:24.710+08:00 TRACE 908 --- [           main] o.s.c.a.ClassPathBeanDefinitionScanner   : Scanning file [c:\Users\MSI\Documents\CODINGS\NEW_BACKEND\zerohunger\target\classes\com\unimap\zerohunger\util\CookieUtils.class]
2023-03-01T14:42:24.715+08:00 TRACE 908 --- [           main] o.s.c.a.ClassPathBeanDefinitionScanner   : Ignored because not matching any filter: file [c:\Users\MSI\Documents\CODINGS\NEW_BACKEND\zerohunger\target\classes\com\unimap\zerohunger\util\CookieUtils.class]
2023-03-01T14:42:24.716+08:00 TRACE 908 --- [           main] o.s.c.a.ClassPathBeanDefinitionScanner   : Scanning file [c:\Users\MSI\Documents\CODINGS\NEW_BACKEND\zerohunger\target\classes\com\unimap\zerohunger\util\GeneralUtils.class]
2023-03-01T14:42:24.719+08:00 TRACE 908 --- [           main] o.s.c.a.ClassPathBeanDefinitionScanner   : Ignored because not matching any filter: file [c:\Users\MSI\Documents\CODINGS\NEW_BACKEND\zerohunger\target\classes\com\unimap\zerohunger\util\GeneralUtils.class]
2023-03-01T14:42:24.720+08:00 TRACE 908 --- [           main] o.s.c.a.ClassPathBeanDefinitionScanner   : Scanning file [c:\Users\MSI\Documents\CODINGS\NEW_BACKEND\zerohunger\target\classes\com\unimap\zerohunger\validator\PasswordMatches.class]
2023-03-01T14:42:24.722+08:00 TRACE 908 --- [           main] o.s.c.a.ClassPathBeanDefinitionScanner   : Ignored because not matching any filter: file [c:\Users\MSI\Documents\CODINGS\NEW_BACKEND\zerohunger\target\classes\com\unimap\zerohunger\validator\PasswordMatches.class]
2023-03-01T14:42:24.722+08:00 TRACE 908 --- [           main] o.s.c.a.ClassPathBeanDefinitionScanner   : Scanning file [c:\Users\MSI\Documents\CODINGS\NEW_BACKEND\zerohunger\target\classes\com\unimap\zerohunger\validator\PasswordMatchesValidator.class]
2023-03-01T14:42:24.723+08:00 TRACE 908 --- [           main] o.s.c.a.ClassPathBeanDefinitionScanner   : Ignored because not matching any filter: file [c:\Users\MSI\Documents\CODINGS\NEW_BACKEND\zerohunger\target\classes\com\unimap\zerohunger\validator\PasswordMatchesValidator.class]
2023-03-01T14:42:24.795+08:00 TRACE 908 --- [           main] o.s.c.io.support.SpringFactoriesLoader   : Loaded [org.springframework.boot.autoconfigure.AutoConfigurationImportFilter] names: [org.springframework.boot.autoconfigure.condition.OnBeanCondition, org.springframework.boot.autoconfigure.condition.OnClassCondition, org.springframework.boot.autoconfigure.condition.OnWebApplicationCondition]
2023-03-01T14:42:24.817+08:00 TRACE 908 --- [           main] o.s.b.f.s.DefaultListableBeanFactory     : Returning cached instance of singleton bean 'autoConfigurationReport'
2023-03-01T14:42:24.819+08:00 TRACE 908 --- [           main] o.s.b.f.s.DefaultListableBeanFactory     : Returning cached instance of singleton bean 'autoConfigurationReport'
2023-03-01T14:42:24.819+08:00 TRACE 908 --- [           main] o.s.b.f.s.DefaultListableBeanFactory     : Returning cached instance of singleton bean 'autoConfigurationReport'
2023-03-01T14:42:24.822+08:00 TRACE 908 --- [           main] o.s.b.f.s.DefaultListableBeanFactory     : Returning cached instance of singleton bean 'autoConfigurationReport'
2023-03-01T14:42:24.822+08:00 TRACE 908 --- [           main] o.s.b.f.s.DefaultListableBeanFactory     : Returning cached instance of singleton bean 'autoConfigurationReport'
2023-03-01T14:42:24.822+08:00 TRACE 908 --- [           main] o.s.b.f.s.DefaultListableBeanFactory     : Returning cached instance of singleton bean 'autoConfigurationReport'
2023-03-01T14:42:24.825+08:00 TRACE 908 --- [           main] o.s.b.f.s.DefaultListableBeanFactory     : Returning cached instance of singleton bean 'autoConfigurationReport'
2023-03-01T14:42:24.825+08:00 TRACE 908 --- [           main] o.s.b.f.s.DefaultListableBeanFactory     : Returning cached instance of singleton bean 'autoConfigurationReport'
2023-03-01T14:42:24.825+08:00 TRACE 908 --- [           main] o.s.b.f.s.DefaultListableBeanFactory     : Returning cached instance of singleton bean 'autoConfigurationReport'
2023-03-01T14:42:24.841+08:00 TRACE 908 --- [           main] o.s.b.f.s.DefaultListableBeanFactory     : Returning cached instance of singleton bean 'autoConfigurationReport'
2023-03-01T14:42:24.912+08:00 TRACE 908 --- [           main] o.s.b.a.condition.OnClassCondition       : Condition OnClassCondition on org.springframework.boot.autoconfigure.amqp.RabbitAutoConfiguration did not match due to @ConditionalOnClass did not find required class 'com.rabbitmq.client.Channel'
2023-03-01T14:42:24.913+08:00 TRACE 908 --- [           main] o.s.b.a.condition.OnClassCondition       : Condition OnClassCondition on org.springframework.boot.autoconfigure.batch.BatchAutoConfiguration did not match due to @ConditionalOnClass did not find required class 'org.springframework.batch.core.launch.JobLauncher'
2023-03-01T14:42:24.913+08:00 TRACE 908 --- [           main] o.s.b.a.condition.OnClassCondition       : Condition OnClassCondition on org.springframework.boot.autoconfigure.cassandra.CassandraAutoConfiguration did not match due to @ConditionalOnClass did not find required class 'com.datastax.oss.driver.api.core.CqlSession'
2023-03-01T14:42:24.913+08:00 TRACE 908 --- [           main] o.s.b.a.condition.OnClassCondition       : Condition OnClassCondition on org.springframework.boot.autoconfigure.couchbase.CouchbaseAutoConfiguration did not match due to @ConditionalOnClass did not find required class 'com.couchbase.client.java.Cluster'
2023-03-01T14:42:24.913+08:00 TRACE 908 --- [           main] o.s.b.a.condition.OnClassCondition       : Condition OnClassCondition on org.springframework.boot.autoconfigure.data.cassandra.CassandraDataAutoConfiguration did not match due to @ConditionalOnClass did not find required class 'com.datastax.oss.driver.api.core.CqlSession'
2023-03-01T14:42:24.913+08:00 TRACE 908 --- [           main] o.s.b.a.condition.OnClassCondition       : Condition OnClassCondition on org.springframework.boot.autoconfigure.data.cassandra.CassandraReactiveDataAutoConfiguration did not match due to @ConditionalOnClass did not find required class 'com.datastax.oss.driver.api.core.CqlSession'
2023-03-01T14:42:24.913+08:00 TRACE 908 --- [           main] o.s.b.a.condition.OnClassCondition       : Condition OnClassCondition on org.springframework.boot.autoconfigure.data.cassandra.CassandraReactiveRepositoriesAutoConfiguration did not match due to @ConditionalOnClass did not find required class 'org.springframework.data.cassandra.ReactiveSession'
2023-03-01T14:42:24.913+08:00 TRACE 908 --- [           main] o.s.b.a.condition.OnClassCondition       : Condition OnClassCondition on org.springframework.boot.autoconfigure.data.cassandra.CassandraRepositoriesAutoConfiguration did not match due to @ConditionalOnClass did not find required class 'com.datastax.oss.driver.api.core.CqlSession'
2023-03-01T14:42:24.913+08:00 TRACE 908 --- [           main] o.s.b.a.condition.OnClassCondition       : Condition OnClassCondition on org.springframework.boot.autoconfigure.data.couchbase.CouchbaseDataAutoConfiguration did not match due to @ConditionalOnClass did not find required class 'com.couchbase.client.java.Bucket'
2023-03-01T14:42:24.913+08:00 TRACE 908 --- [           main] o.s.b.a.condition.OnClassCondition       : Condition OnClassCondition on org.springframework.boot.autoconfigure.data.couchbase.CouchbaseReactiveDataAutoConfiguration did not match due to @ConditionalOnClass did not find required class 'com.couchbase.client.java.Cluster'
2023-03-01T14:42:24.913+08:00 TRACE 908 --- [           main] o.s.b.a.condition.OnClassCondition       : Condition OnClassCondition on org.springframework.boot.autoconfigure.data.couchbase.CouchbaseReactiveRepositoriesAutoConfiguration did not match due to @ConditionalOnClass did not find required class 'com.couchbase.client.java.Cluster'
2023-03-01T14:42:24.913+08:00 TRACE 908 --- [           main] o.s.b.a.condition.OnClassCondition       : Condition OnClassCondition on org.springframework.boot.autoconfigure.data.couchbase.CouchbaseRepositoriesAutoConfiguration did not match due to @ConditionalOnClass did not find required class 'com.couchbase.client.java.Bucket'
2023-03-01T14:42:24.913+08:00 TRACE 908 --- [           main] o.s.b.a.condition.OnClassCondition       : Condition OnClassCondition on org.springframework.boot.autoconfigure.data.elasticsearch.ElasticsearchDataAutoConfiguration did not match due to @ConditionalOnClass did not find required class 'org.springframework.data.elasticsearch.client.elc.ElasticsearchTemplate'
2023-03-01T14:42:24.914+08:00 TRACE 908 --- [           main] o.s.b.a.condition.OnClassCondition       : Condition OnClassCondition on org.springframework.boot.autoconfigure.data.elasticsearch.ElasticsearchRepositoriesAutoConfiguration did not match due to @ConditionalOnClass did not find required class 'org.springframework.data.elasticsearch.repository.ElasticsearchRepository'
2023-03-01T14:42:24.914+08:00 TRACE 908 --- [           main] o.s.b.a.condition.OnClassCondition       : Condition OnClassCondition on org.springframework.boot.autoconfigure.data.elasticsearch.ReactiveElasticsearchRepositoriesAutoConfiguration did not match due to @ConditionalOnClass did not find required class 'org.springframework.data.elasticsearch.client.elc.ReactiveElasticsearchClient'
2023-03-01T14:42:24.914+08:00 TRACE 908 --- [           main] o.s.b.a.condition.OnClassCondition       : Condition OnClassCondition on org.springframework.boot.autoconfigure.data.jdbc.JdbcRepositoriesAutoConfiguration did not match due to @ConditionalOnClass did not find required class 'org.springframework.data.jdbc.repository.config.AbstractJdbcConfiguration'
2023-03-01T14:42:24.914+08:00 TRACE 908 --- [           main] o.s.b.a.condition.OnClassCondition       : Condition OnClassCondition on org.springframework.boot.autoconfigure.data.ldap.LdapRepositoriesAutoConfiguration did not match due to @ConditionalOnClass did not find required class 'org.springframework.data.ldap.repository.LdapRepository'
2023-03-01T14:42:24.914+08:00 TRACE 908 --- [           main] o.s.b.a.condition.OnClassCondition       : Condition OnClassCondition on org.springframework.boot.autoconfigure.data.mongo.MongoDataAutoConfiguration did not match due to @ConditionalOnClass did not find required class 'com.mongodb.client.MongoClient'
2023-03-01T14:42:24.914+08:00 TRACE 908 --- [           main] o.s.b.a.condition.OnClassCondition       : Condition OnClassCondition on org.springframework.boot.autoconfigure.data.mongo.MongoReactiveDataAutoConfiguration did not match due to @ConditionalOnClass did not find required class 'com.mongodb.reactivestreams.client.MongoClient'
2023-03-01T14:42:24.914+08:00 TRACE 908 --- [           main] o.s.b.a.condition.OnClassCondition       : Condition OnClassCondition on org.springframework.boot.autoconfigure.data.mongo.MongoReactiveRepositoriesAutoConfiguration did not match due to @ConditionalOnClass did not find required class 'com.mongodb.reactivestreams.client.MongoClient'
2023-03-01T14:42:24.914+08:00 TRACE 908 --- [           main] o.s.b.a.condition.OnClassCondition       : Condition OnClassCondition on org.springframework.boot.autoconfigure.data.mongo.MongoRepositoriesAutoConfiguration did not match due to @ConditionalOnClass did not find required class 'com.mongodb.client.MongoClient'
2023-03-01T14:42:24.914+08:00 TRACE 908 --- [           main] o.s.b.a.condition.OnClassCondition       : Condition OnClassCondition on org.springframework.boot.autoconfigure.data.neo4j.Neo4jDataAutoConfiguration did not match due to @ConditionalOnClass did not find required class 'org.neo4j.driver.Driver'
2023-03-01T14:42:24.914+08:00 TRACE 908 --- [           main] o.s.b.a.condition.OnClassCondition       : Condition OnClassCondition on org.springframework.boot.autoconfigure.data.neo4j.Neo4jReactiveDataAutoConfiguration did not match due to @ConditionalOnClass did not find required class 'org.neo4j.driver.Driver'
2023-03-01T14:42:24.914+08:00 TRACE 908 --- [           main] o.s.b.a.condition.OnClassCondition       : Condition OnClassCondition on org.springframework.boot.autoconfigure.data.neo4j.Neo4jReactiveRepositoriesAutoConfiguration did not match due to @ConditionalOnClass did not find required class 'org.neo4j.driver.Driver'
2023-03-01T14:42:24.915+08:00 TRACE 908 --- [           main] o.s.b.a.condition.OnClassCondition       : Condition OnClassCondition on org.springframework.boot.autoconfigure.data.neo4j.Neo4jRepositoriesAutoConfiguration did not match due to @ConditionalOnClass did not find required class 'org.neo4j.driver.Driver'
2023-03-01T14:42:24.915+08:00 TRACE 908 --- [           main] o.s.b.a.condition.OnClassCondition       : Condition OnClassCondition on org.springframework.boot.autoconfigure.data.redis.RedisAutoConfiguration did not match due to @ConditionalOnClass did not find required class 'org.springframework.data.redis.core.RedisOperations'
2023-03-01T14:42:24.915+08:00 TRACE 908 --- [           main] o.s.b.a.condition.OnClassCondition       : Condition OnClassCondition on org.springframework.boot.autoconfigure.data.redis.RedisReactiveAutoConfiguration did not match due to @ConditionalOnClass did not find required class 'org.springframework.data.redis.connection.ReactiveRedisConnectionFactory'
2023-03-01T14:42:24.915+08:00 TRACE 908 --- [           main] o.s.b.a.condition.OnClassCondition       : Condition OnClassCondition on org.springframework.boot.autoconfigure.data.redis.RedisRepositoriesAutoConfiguration did not match due to @ConditionalOnClass did not find required class 'org.springframework.data.redis.repository.configuration.EnableRedisRepositories'
2023-03-01T14:42:24.915+08:00 TRACE 908 --- [           main] o.s.b.a.condition.OnClassCondition       : Condition OnClassCondition on org.springframework.boot.autoconfigure.data.rest.RepositoryRestMvcAutoConfiguration did not match due to @ConditionalOnClass did not find required class 'org.springframework.data.rest.webmvc.config.RepositoryRestMvcConfiguration'
2023-03-01T14:42:24.915+08:00 TRACE 908 --- [           main] o.s.b.a.condition.OnClassCondition       : Condition OnClassCondition on org.springframework.boot.autoconfigure.elasticsearch.ElasticsearchClientAutoConfiguration did not match due to @ConditionalOnClass did not find required class 'co.elastic.clients.elasticsearch.ElasticsearchClient'
2023-03-01T14:42:24.915+08:00 TRACE 908 --- [           main] o.s.b.a.condition.OnClassCondition       : Condition OnClassCondition on org.springframework.boot.autoconfigure.elasticsearch.ElasticsearchRestClientAutoConfiguration did not match due to @ConditionalOnClass did not find required class 'org.elasticsearch.client.RestClientBuilder'
2023-03-01T14:42:24.915+08:00 TRACE 908 --- [           main] o.s.b.a.condition.OnClassCondition       : Condition OnClassCondition on org.springframework.boot.autoconfigure.elasticsearch.ReactiveElasticsearchClientAutoConfiguration did not match due to @ConditionalOnClass did not find required class 'co.elastic.clients.transport.ElasticsearchTransport'
2023-03-01T14:42:24.915+08:00 TRACE 908 --- [           main] o.s.b.a.condition.OnClassCondition       : Condition OnClassCondition on org.springframework.boot.autoconfigure.flyway.FlywayAutoConfiguration did not match due to @ConditionalOnClass did not find required class 'org.flywaydb.core.Flyway'
2023-03-01T14:42:24.915+08:00 TRACE 908 --- [           main] o.s.b.a.condition.OnClassCondition       : Condition OnClassCondition on org.springframework.boot.autoconfigure.freemarker.FreeMarkerAutoConfiguration did not match due to @ConditionalOnClass did not find required class 'freemarker.template.Configuration'
2023-03-01T14:42:24.915+08:00 TRACE 908 --- [           main] o.s.b.a.condition.OnClassCondition       : Condition OnClassCondition on org.springframework.boot.autoconfigure.graphql.GraphQlAutoConfiguration did not match due to @ConditionalOnClass did not find required class 'graphql.GraphQL'
2023-03-01T14:42:24.915+08:00 TRACE 908 --- [           main] o.s.b.a.condition.OnClassCondition       : Condition OnClassCondition on org.springframework.boot.autoconfigure.graphql.data.GraphQlReactiveQueryByExampleAutoConfiguration did not match due to @ConditionalOnClass did not find required class 'graphql.GraphQL'
2023-03-01T14:42:24.915+08:00 TRACE 908 --- [           main] o.s.b.a.condition.OnClassCondition       : Condition OnClassCondition on org.springframework.boot.autoconfigure.graphql.data.GraphQlReactiveQuerydslAutoConfiguration did not match due to @ConditionalOnClass did not find required class 'graphql.GraphQL'
2023-03-01T14:42:24.915+08:00 TRACE 908 --- [           main] o.s.b.a.condition.OnClassCondition       : Condition OnClassCondition on org.springframework.boot.autoconfigure.graphql.data.GraphQlQueryByExampleAutoConfiguration did not match due to @ConditionalOnClass did not find required class 'graphql.GraphQL'
2023-03-01T14:42:24.916+08:00 TRACE 908 --- [           main] o.s.b.a.condition.OnClassCondition       : Condition OnClassCondition on org.springframework.boot.autoconfigure.graphql.data.GraphQlQuerydslAutoConfiguration did not match due to @ConditionalOnClass did not find required class 'graphql.GraphQL'
2023-03-01T14:42:24.916+08:00 TRACE 908 --- [           main] o.s.b.a.condition.OnClassCondition       : Condition OnClassCondition on org.springframework.boot.autoconfigure.graphql.reactive.GraphQlWebFluxAutoConfiguration did not match due to @ConditionalOnClass did not find required class 'graphql.GraphQL'
2023-03-01T14:42:24.916+08:00 TRACE 908 --- [           main] o.s.b.a.condition.OnClassCondition       : Condition OnClassCondition on org.springframework.boot.autoconfigure.graphql.rsocket.GraphQlRSocketAutoConfiguration did not match due to @ConditionalOnClass did not find required class 'graphql.GraphQL'
2023-03-01T14:42:24.916+08:00 TRACE 908 --- [           main] o.s.b.a.condition.OnClassCondition       : Condition OnClassCondition on org.springframework.boot.autoconfigure.graphql.rsocket.RSocketGraphQlClientAutoConfiguration did not match due to @ConditionalOnClass did not find required class 'graphql.GraphQL'
2023-03-01T14:42:24.916+08:00 TRACE 908 --- [           main] o.s.b.a.condition.OnClassCondition       : Condition OnClassCondition on org.springframework.boot.autoconfigure.graphql.security.GraphQlWebFluxSecurityAutoConfiguration did not match due to @ConditionalOnClass did not find required class 'graphql.GraphQL'
2023-03-01T14:42:24.916+08:00 TRACE 908 --- [           main] o.s.b.a.condition.OnClassCondition       : Condition OnClassCondition on org.springframework.boot.autoconfigure.graphql.security.GraphQlWebMvcSecurityAutoConfiguration did not match due to @ConditionalOnClass did not find required class 'graphql.GraphQL'
[...]
	at org.springframework.util.ReflectionUtils.getDeclaredMethods(ReflectionUtils.java:465) ~[spring-core-6.0.5.jar:6.0.5]
	... 94 common frames omitted
Caused by: java.lang.ClassNotFoundException: org.springframework.security.config.annotation.web.configurers.AuthorizeHttpRequestsConfigurer$AuthorizationManagerRequestMatcherRegistry
	at java.base/jdk.internal.loader.BuiltinClassLoader.loadClass(BuiltinClassLoader.java:641) ~[na:na]
	at java.base/jdk.internal.loader.ClassLoaders$AppClassLoader.loadClass(ClassLoaders.java:188) ~[na:na]
	at java.base/java.lang.ClassLoader.loadClass(ClassLoader.java:520) ~[na:na]
	... 98 common frames omitted

2023-03-01T14:42:26.518+08:00 ERROR 908 --- [           main] o.s.test.context.TestContextManager      : Caught exception while allowing TestExecutionListener [org.springframework.test.context.web.ServletTestExecutionListener] to prepare test instance [com.unimap.zerohunger.ZerohungerApplicationTests@40f35e52]

java.lang.IllegalStateException: Failed to load ApplicationContext for [WebMergedContextConfiguration@480b57e2 testClass = com.unimap.zerohunger.ZerohungerApplicationTests, locations = [], classes = [com.unimap.ZerohungerApplication], contextInitializerClasses = [], activeProfiles = [], propertySourceLocations = [], propertySourceProperties = ["org.springframework.boot.test.context.SpringBootTestContextBootstrapper=true"], contextCustomizers = [org.springframework.boot.test.context.filter.ExcludeFilterContextCustomizer@5524cca1, org.springframework.boot.test.json.DuplicateJsonObjectContextCustomizerFactory$DuplicateJsonObjectContextCustomizer@57a78e3, org.springframework.boot.test.mock.mockito.MockitoContextCustomizer@0, org.springframework.boot.test.web.client.TestRestTemplateContextCustomizer@8462f31, org.springframework.boot.test.autoconfigure.actuate.observability.ObservabilityContextCustomizerFactory$DisableObservabilityContextCustomizer@9da1, org.springframework.boot.test.autoconfigure.properties.PropertyMappingContextCustomizer@0, org.springframework.boot.test.autoconfigure.web.servlet.WebDriverContextCustomizerFactory$Customizer@4d0d9fe7, org.springframework.boot.test.context.SpringBootTestAnnotation@ad1df9bf], resourceBasePath = "src/main/webapp", contextLoader = org.springframework.boot.test.context.SpringBootContextLoader, parent = null]
	at org.springframework.test.context.cache.DefaultCacheAwareContextLoaderDelegate.loadContext(DefaultCacheAwareContextLoaderDelegate.java:142) ~[spring-test-6.0.5.jar:6.0.5]
	at org.springframework.test.context.support.DefaultTestContext.getApplicationContext(DefaultTestContext.java:127) ~[spring-test-6.0.5.jar:6.0.5]
	at org.springframework.test.context.web.ServletTestExecutionListener.setUpRequestContextIfNecessary(ServletTestExecutionListener.java:191) ~[spring-test-6.0.5.jar:6.0.5]
	at org.springframework.test.context.web.ServletTestExecutionListener.prepareTestInstance(ServletTestExecutionListener.java:130) ~[spring-test-6.0.5.jar:6.0.5]
	at org.springframework.test.context.TestContextManager.prepareTestInstance(TestContextManager.java:241) ~[spring-test-6.0.5.jar:6.0.5]
	at org.springframework.test.context.junit.jupiter.SpringExtension.postProcessTestInstance(SpringExtension.java:138) ~[spring-test-6.0.5.jar:6.0.5]
	at org.junit.jupiter.engine.descriptor.ClassBasedTestDescriptor.lambda$invokeTestInstancePostProcessors$10(ClassBasedTestDescriptor.java:377) ~[junit-jupiter-engine-5.9.2.jar:5.9.2]
	at org.junit.jupiter.engine.descriptor.ClassBasedTestDescriptor.executeAndMaskThrowable(ClassBasedTestDescriptor.java:382) ~[junit-jupiter-engine-5.9.2.jar:5.9.2]
	at org.junit.jupiter.engine.descriptor.ClassBasedTestDescriptor.lambda$invokeTestInstancePostProcessors$11(ClassBasedTestDescriptor.java:377) ~[junit-jupiter-engine-5.9.2.jar:5.9.2]
	at java.base/java.util.stream.ReferencePipeline$3$1.accept(ReferencePipeline.java:197) ~[na:na]
	at java.base/java.util.stream.ReferencePipeline$2$1.accept(ReferencePipeline.java:179) ~[na:na]
	at java.base/java.util.ArrayList$ArrayListSpliterator.forEachRemaining(ArrayList.java:1625) ~[na:na]
	at java.base/java.util.stream.AbstractPipeline.copyInto(AbstractPipeline.java:509) ~[na:na]
	at java.base/java.util.stream.AbstractPipeline.wrapAndCopyInto(AbstractPipeline.java:499) ~[na:na]
	at java.base/java.util.stream.StreamSpliterators$WrappingSpliterator.forEachRemaining(StreamSpliterators.java:310) ~[na:na]
	at java.base/java.util.stream.Streams$ConcatSpliterator.forEachRemaining(Streams.java:735) ~[na:na]
	at java.base/java.util.stream.Streams$ConcatSpliterator.forEachRemaining(Streams.java:734) ~[na:na]
	at java.base/java.util.stream.ReferencePipeline$Head.forEach(ReferencePipeline.java:762) ~[na:na]
	at org.junit.jupiter.engine.descriptor.ClassBasedTestDescriptor.invokeTestInstancePostProcessors(ClassBasedTestDescriptor.java:376) ~[junit-jupiter-engine-5.9.2.jar:5.9.2]
	at org.junit.jupiter.engine.descriptor.ClassBasedTestDescriptor.lambda$instantiateAndPostProcessTestInstance$6(ClassBasedTestDescriptor.java:289) ~[junit-jupiter-engine-5.9.2.jar:5.9.2]
	at org.junit.platform.engine.support.hierarchical.ThrowableCollector.execute(ThrowableCollector.java:73) ~[junit-platform-engine-1.9.2.jar:1.9.2]
	at org.junit.jupiter.engine.descriptor.ClassBasedTestDescriptor.instantiateAndPostProcessTestInstance(ClassBasedTestDescriptor.java:288) ~[junit-jupiter-engine-5.9.2.jar:5.9.2]
	at org.junit.jupiter.engine.descriptor.ClassBasedTestDescriptor.lambda$testInstancesProvider$4(ClassBasedTestDescriptor.java:278) ~[junit-jupiter-engine-5.9.2.jar:5.9.2]
	at java.base/java.util.Optional.orElseGet(Optional.java:364) ~[na:na]
	at org.junit.jupiter.engine.descriptor.ClassBasedTestDescriptor.lambda$testInstancesProvider$5(ClassBasedTestDescriptor.java:277) ~[junit-jupiter-engine-5.9.2.jar:5.9.2]
	at org.junit.jupiter.engine.execution.TestInstancesProvider.getTestInstances(TestInstancesProvider.java:31) ~[junit-jupiter-engine-5.9.2.jar:5.9.2]
	at org.junit.jupiter.engine.descriptor.TestMethodTestDescriptor.lambda$prepare$0(TestMethodTestDescriptor.java:105) ~[junit-jupiter-engine-5.9.2.jar:5.9.2]
	at org.junit.platform.engine.support.hierarchical.ThrowableCollector.execute(ThrowableCollector.java:73) ~[junit-platform-engine-1.9.2.jar:1.9.2]
	at org.junit.jupiter.engine.descriptor.TestMethodTestDescriptor.prepare(TestMethodTestDescriptor.java:104) ~[junit-jupiter-engine-5.9.2.jar:5.9.2]
	at org.junit.jupiter.engine.descriptor.TestMethodTestDescriptor.prepare(TestMethodTestDescriptor.java:68) ~[junit-jupiter-engine-5.9.2.jar:5.9.2]
	at org.junit.platform.engine.support.hierarchical.NodeTestTask.lambda$prepare$2(NodeTestTask.java:123) ~[junit-platform-engine-1.9.2.jar:1.9.2]
	at org.junit.platform.engine.support.hierarchical.ThrowableCollector.execute(ThrowableCollector.java:73) ~[junit-platform-engine-1.9.2.jar:1.9.2]
	at org.junit.platform.engine.support.hierarchical.NodeTestTask.prepare(NodeTestTask.java:123) ~[junit-platform-engine-1.9.2.jar:1.9.2]
	at org.junit.platform.engine.support.hierarchical.NodeTestTask.execute(NodeTestTask.java:90) ~[junit-platform-engine-1.9.2.jar:1.9.2]
	at java.base/java.util.ArrayList.forEach(ArrayList.java:1511) ~[na:na]
	at org.junit.platform.engine.support.hierarchical.SameThreadHierarchicalTestExecutorService.invokeAll(SameThreadHierarchicalTestExecutorService.java:41) ~[junit-platform-engine-1.9.2.jar:1.9.2]
	at org.junit.platform.engine.support.hierarchical.NodeTestTask.lambda$executeRecursively$6(NodeTestTask.java:155) ~[junit-platform-engine-1.9.2.jar:1.9.2]
	at org.junit.platform.engine.support.hierarchical.ThrowableCollector.execute(ThrowableCollector.java:73) ~[junit-platform-engine-1.9.2.jar:1.9.2]
	at org.junit.platform.engine.support.hierarchical.NodeTestTask.lambda$executeRecursively$8(NodeTestTask.java:141) ~[junit-platform-engine-1.9.2.jar:1.9.2]
	at org.junit.platform.engine.support.hierarchical.Node.around(Node.java:137) ~[junit-platform-engine-1.9.2.jar:1.9.2]
	at org.junit.platform.engine.support.hierarchical.NodeTestTask.lambda$executeRecursively$9(NodeTestTask.java:139) ~[junit-platform-engine-1.9.2.jar:1.9.2]
	at org.junit.platform.engine.support.hierarchical.ThrowableCollector.execute(ThrowableCollector.java:73) ~[junit-platform-engine-1.9.2.jar:1.9.2]
	at org.junit.platform.engine.support.hierarchical.NodeTestTask.executeRecursively(NodeTestTask.java:138) ~[junit-platform-engine-1.9.2.jar:1.9.2]
	at org.junit.platform.engine.support.hierarchical.NodeTestTask.execute(NodeTestTask.java:95) ~[junit-platform-engine-1.9.2.jar:1.9.2]
	at java.base/java.util.ArrayList.forEach(ArrayList.java:1511) ~[na:na]
	at org.junit.platform.engine.support.hierarchical.SameThreadHierarchicalTestExecutorService.invokeAll(SameThreadHierarchicalTestExecutorService.java:41) ~[junit-platform-engine-1.9.2.jar:1.9.2]
	at org.junit.platform.engine.support.hierarchical.NodeTestTask.lambda$executeRecursively$6(NodeTestTask.java:155) ~[junit-platform-engine-1.9.2.jar:1.9.2]
	at org.junit.platform.engine.support.hierarchical.ThrowableCollector.execute(ThrowableCollector.java:73) ~[junit-platform-engine-1.9.2.jar:1.9.2]
	at org.junit.platform.engine.support.hierarchical.NodeTestTask.lambda$executeRecursively$8(NodeTestTask.java:141) ~[junit-platform-engine-1.9.2.jar:1.9.2]
	at org.junit.platform.engine.support.hierarchical.Node.around(Node.java:137) ~[junit-platform-engine-1.9.2.jar:1.9.2]
	at org.junit.platform.engine.support.hierarchical.NodeTestTask.lambda$executeRecursively$9(NodeTestTask.java:139) ~[junit-platform-engine-1.9.2.jar:1.9.2]
	at org.junit.platform.engine.support.hierarchical.ThrowableCollector.execute(ThrowableCollector.java:73) ~[junit-platform-engine-1.9.2.jar:1.9.2]
	at org.junit.platform.engine.support.hierarchical.NodeTestTask.executeRecursively(NodeTestTask.java:138) ~[junit-platform-engine-1.9.2.jar:1.9.2]
	at org.junit.platform.engine.support.hierarchical.NodeTestTask.execute(NodeTestTask.java:95) ~[junit-platform-engine-1.9.2.jar:1.9.2]
	at org.junit.platform.engine.support.hierarchical.SameThreadHierarchicalTestExecutorService.submit(SameThreadHierarchicalTestExecutorService.java:35) ~[junit-platform-engine-1.9.2.jar:1.9.2]
	at org.junit.platform.engine.support.hierarchical.HierarchicalTestExecutor.execute(HierarchicalTestExecutor.java:57) ~[junit-platform-engine-1.9.2.jar:1.9.2]
	at org.junit.platform.engine.support.hierarchical.HierarchicalTestEngine.execute(HierarchicalTestEngine.java:54) ~[junit-platform-engine-1.9.2.jar:1.9.2]
	at org.junit.platform.launcher.core.DefaultLauncher.execute(DefaultLauncher.java:220) ~[junit-platform-launcher-1.3.1.jar:1.3.1]
	at org.junit.platform.launcher.core.DefaultLauncher.lambda$execute$6(DefaultLauncher.java:188) ~[junit-platform-launcher-1.3.1.jar:1.3.1]
	at org.junit.platform.launcher.core.DefaultLauncher.withInterceptedStreams(DefaultLauncher.java:202) ~[junit-platform-launcher-1.3.1.jar:1.3.1]
	at org.junit.platform.launcher.core.DefaultLauncher.execute(DefaultLauncher.java:181) ~[junit-platform-launcher-1.3.1.jar:1.3.1]
	at org.junit.platform.launcher.core.DefaultLauncher.execute(DefaultLauncher.java:128) ~[junit-platform-launcher-1.3.1.jar:1.3.1]
	at org.apache.maven.surefire.junitplatform.JUnitPlatformProvider.invokeAllTests(JUnitPlatformProvider.java:150) ~[surefire-junit-platform-2.22.2.jar:2.22.2]
	at org.apache.maven.surefire.junitplatform.JUnitPlatformProvider.invoke(JUnitPlatformProvider.java:124) ~[surefire-junit-platform-2.22.2.jar:2.22.2]
	at org.apache.maven.surefire.booter.ForkedBooter.invokeProviderInSameClassLoader(ForkedBooter.java:384) ~[surefire-booter-2.22.2.jar:2.22.2]
	at org.apache.maven.surefire.booter.ForkedBooter.runSuitesInProcess(ForkedBooter.java:345) ~[surefire-booter-2.22.2.jar:2.22.2]
	at org.apache.maven.surefire.booter.ForkedBooter.execute(ForkedBooter.java:126) ~[surefire-booter-2.22.2.jar:2.22.2]
	at org.apache.maven.surefire.booter.ForkedBooter.main(ForkedBooter.java:418) ~[surefire-booter-2.22.2.jar:2.22.2]
Caused by: java.lang.IllegalStateException: Error processing condition on org.springframework.boot.autoconfigure.security.oauth2.client.servlet.OAuth2WebSecurityConfiguration.authorizedClientService
	at org.springframework.boot.autoconfigure.condition.SpringBootCondition.matches(SpringBootCondition.java:60) ~[spring-boot-autoconfigure-3.0.3.jar:3.0.3]
	at org.springframework.context.annotation.ConditionEvaluator.shouldSkip(ConditionEvaluator.java:108) ~[spring-context-6.0.5.jar:6.0.5]
	at org.springframework.context.annotation.ConfigurationClassBeanDefinitionReader.loadBeanDefinitionsForBeanMethod(ConfigurationClassBeanDefinitionReader.java:183) ~[spring-context-6.0.5.jar:6.0.5]
	at org.springframework.context.annotation.ConfigurationClassBeanDefinitionReader.loadBeanDefinitionsForConfigurationClass(ConfigurationClassBeanDefinitionReader.java:144) ~[spring-context-6.0.5.jar:6.0.5]
	at org.springframework.context.annotation.ConfigurationClassBeanDefinitionReader.loadBeanDefinitions(ConfigurationClassBeanDefinitionReader.java:120) ~[spring-context-6.0.5.jar:6.0.5]
	at org.springframework.context.annotation.ConfigurationClassPostProcessor.processConfigBeanDefinitions(ConfigurationClassPostProcessor.java:410) ~[spring-context-6.0.5.jar:6.0.5]
	at org.springframework.context.annotation.ConfigurationClassPostProcessor.postProcessBeanDefinitionRegistry(ConfigurationClassPostProcessor.java:283) ~[spring-context-6.0.5.jar:6.0.5]
	at org.springframework.context.support.PostProcessorRegistrationDelegate.invokeBeanDefinitionRegistryPostProcessors(PostProcessorRegistrationDelegate.java:344) ~[spring-context-6.0.5.jar:6.0.5]
	at org.springframework.context.support.PostProcessorRegistrationDelegate.invokeBeanFactoryPostProcessors(PostProcessorRegistrationDelegate.java:115) ~[spring-context-6.0.5.jar:6.0.5]
	at org.springframework.context.support.AbstractApplicationContext.invokeBeanFactoryPostProcessors(AbstractApplicationContext.java:747) ~[spring-context-6.0.5.jar:6.0.5]
	at org.springframework.context.support.AbstractApplicationContext.refresh(AbstractApplicationContext.java:565) ~[spring-context-6.0.5.jar:6.0.5]
	at org.springframework.boot.SpringApplication.refresh(SpringApplication.java:732) ~[spring-boot-3.0.3.jar:3.0.3]
	at org.springframework.boot.SpringApplication.refreshContext(SpringApplication.java:434) ~[spring-boot-3.0.3.jar:3.0.3]
	at org.springframework.boot.SpringApplication.run(SpringApplication.java:310) ~[spring-boot-3.0.3.jar:3.0.3]
	at org.springframework.boot.test.context.SpringBootContextLoader.lambda$loadContext$3(SpringBootContextLoader.java:137) ~[spring-boot-test-3.0.3.jar:3.0.3]
	at org.springframework.util.function.ThrowingSupplier.get(ThrowingSupplier.java:59) ~[spring-core-6.0.5.jar:6.0.5]
	at org.springframework.util.function.ThrowingSupplier.get(ThrowingSupplier.java:47) ~[spring-core-6.0.5.jar:6.0.5]
	at org.springframework.boot.SpringApplication.withHook(SpringApplication.java:1388) ~[spring-boot-3.0.3.jar:3.0.3]
	at org.springframework.boot.test.context.SpringBootContextLoader$ContextLoaderHook.run(SpringBootContextLoader.java:545) ~[spring-boot-test-3.0.3.jar:3.0.3]
	at org.springframework.boot.test.context.SpringBootContextLoader.loadContext(SpringBootContextLoader.java:137) ~[spring-boot-test-3.0.3.jar:3.0.3]
	at org.springframework.boot.test.context.SpringBootContextLoader.loadContext(SpringBootContextLoader.java:108) ~[spring-boot-test-3.0.3.jar:3.0.3]
	at org.springframework.test.context.cache.DefaultCacheAwareContextLoaderDelegate.loadContextInternal(DefaultCacheAwareContextLoaderDelegate.java:184) ~[spring-test-6.0.5.jar:6.0.5]
	at org.springframework.test.context.cache.DefaultCacheAwareContextLoaderDelegate.loadContext(DefaultCacheAwareContextLoaderDelegate.java:118) ~[spring-test-6.0.5.jar:6.0.5]
	... 67 common frames omitted
Caused by: java.lang.IllegalStateException: Failed to introspect Class [org.springframework.boot.autoconfigure.security.oauth2.client.servlet.OAuth2WebSecurityConfiguration$OAuth2SecurityFilterChainConfiguration] from ClassLoader [jdk.internal.loader.ClassLoaders$AppClassLoader@70dea4e]
	at org.springframework.util.ReflectionUtils.getDeclaredMethods(ReflectionUtils.java:483) ~[spring-core-6.0.5.jar:6.0.5]
	at org.springframework.util.ReflectionUtils.doWithMethods(ReflectionUtils.java:360) ~[spring-core-6.0.5.jar:6.0.5]
	at org.springframework.util.ReflectionUtils.getUniqueDeclaredMethods(ReflectionUtils.java:417) ~[spring-core-6.0.5.jar:6.0.5]
	at org.springframework.beans.factory.support.AbstractAutowireCapableBeanFactory.lambda$getTypeForFactoryMethod$1(AbstractAutowireCapableBeanFactory.java:750) ~[spring-beans-6.0.5.jar:6.0.5]
	at java.base/java.util.concurrent.ConcurrentHashMap.computeIfAbsent(ConcurrentHashMap.java:1740) ~[na:na]
	at org.springframework.beans.factory.support.AbstractAutowireCapableBeanFactory.getTypeForFactoryMethod(AbstractAutowireCapableBeanFactory.java:749) ~[spring-beans-6.0.5.jar:6.0.5]
	at org.springframework.beans.factory.support.AbstractAutowireCapableBeanFactory.determineTargetType(AbstractAutowireCapableBeanFactory.java:682) ~[spring-beans-6.0.5.jar:6.0.5]
	at org.springframework.beans.factory.support.AbstractAutowireCapableBeanFactory.predictBeanType(AbstractAutowireCapableBeanFactory.java:653) ~[spring-beans-6.0.5.jar:6.0.5]
	at org.springframework.beans.factory.support.AbstractBeanFactory.isFactoryBean(AbstractBeanFactory.java:1632) ~[spring-beans-6.0.5.jar:6.0.5]
	at org.springframework.beans.factory.support.DefaultListableBeanFactory.doGetBeanNamesForType(DefaultListableBeanFactory.java:559) ~[spring-beans-6.0.5.jar:6.0.5]
	at org.springframework.beans.factory.support.DefaultListableBeanFactory.getBeanNamesForType(DefaultListableBeanFactory.java:531) ~[spring-beans-6.0.5.jar:6.0.5]
	at org.springframework.boot.autoconfigure.condition.OnBeanCondition.collectBeanNamesForType(OnBeanCondition.java:252) ~[spring-boot-autoconfigure-3.0.3.jar:3.0.3]
	at org.springframework.boot.autoconfigure.condition.OnBeanCondition.getBeanNamesForType(OnBeanCondition.java:245) ~[spring-boot-autoconfigure-3.0.3.jar:3.0.3]
	at org.springframework.boot.autoconfigure.condition.OnBeanCondition.getBeanNamesForType(OnBeanCondition.java:235) ~[spring-boot-autoconfigure-3.0.3.jar:3.0.3]
	at org.springframework.boot.autoconfigure.condition.OnBeanCondition.getMatchingBeans(OnBeanCondition.java:183) ~[spring-boot-autoconfigure-3.0.3.jar:3.0.3]
	at org.springframework.boot.autoconfigure.condition.OnBeanCondition.getMatchOutcome(OnBeanCondition.java:158) ~[spring-boot-autoconfigure-3.0.3.jar:3.0.3]
	at org.springframework.boot.autoconfigure.condition.SpringBootCondition.matches(SpringBootCondition.java:47) ~[spring-boot-autoconfigure-3.0.3.jar:3.0.3]
	... 89 common frames omitted
Caused by: java.lang.NoClassDefFoundError: org/springframework/security/config/annotation/web/configurers/AuthorizeHttpRequestsConfigurer$AuthorizationManagerRequestMatcherRegistry
	at java.base/java.lang.Class.getDeclaredMethods0(Native Method) ~[na:na]
	at java.base/java.lang.Class.privateGetDeclaredMethods(Class.java:3402) ~[na:na]
	at java.base/java.lang.Class.getDeclaredMethods(Class.java:2504) ~[na:na]
	at org.springframework.util.ReflectionUtils.getDeclaredMethods(ReflectionUtils.java:465) ~[spring-core-6.0.5.jar:6.0.5]
	... 105 common frames omitted
Caused by: java.lang.ClassNotFoundException: org.springframework.security.config.annotation.web.configurers.AuthorizeHttpRequestsConfigurer$AuthorizationManagerRequestMatcherRegistry
	at java.base/jdk.internal.loader.BuiltinClassLoader.loadClass(BuiltinClassLoader.java:641) ~[na:na]
	at java.base/jdk.internal.loader.ClassLoaders$AppClassLoader.loadClass(ClassLoaders.java:188) ~[na:na]
	at java.base/java.lang.ClassLoader.loadClass(ClassLoader.java:520) ~[na:na]
	... 109 common frames omitted

]]></system-out>
  </testcase>
</testsuite>